Current configuration:
[NAME]		[DEFLT]		[VALUE]
-agc		none		none
-agcthresh	2.0		2.000000e+00
-cbcntfn			
-cepdir				
-cepext		mfc		mfc
-ceplen		13		13
-cmn		live		batch
-cmninit	40,3,-1		40,3,-1
-ctlfn				
-dictfn				
-dmoddeffn			
-example	no		no
-fdictfn			
-feat		1s_c_d_dd	s2_4x
-featsel			0
-fpcachesz	3000		3000
-fullvar	no		no
-gthobj		state		single
-help		no		no
-lda				
-ldadim		0		0
-lsnfn				
-maxcbobs			0
-maxiter	100		100
-maxtotobs			0
-meanfn				/Sphinx/Mounted/an4/model_parameters/an4.ci_ptm_flatinitial/means
-method		rkm		rkm
-minratio	0.01		1.000000e-03
-mixwfn				
-ndensity			64
-niter		20		20
-ntrial		5		1
-obscachesz	92		92
-omoddeffn			
-reest		yes		no
-runlen				0
-segdir				
-segdmpdirs			/Sphinx/Mounted/an4/bwaccumdir/an4_buff_1,
-segdmpfn			/Sphinx/Mounted/an4/bwaccumdir/an4_buff_1/an4.dmp
-segext		v8_seg		v8_seg
-segidxfn			
-stride		32		1
-svspec				
-ts2cbfn			
-tscnt				0
-tsoff		0		0
-tsrngfn			
-varfn				/Sphinx/Mounted/an4/model_parameters/an4.ci_ptm_flatinitial/variances
-varnorm	no		no
-vartiethr	0		0

INFO: feat.c(715): Initializing feature stream to type: 's2_4x', ceplen=13, CMN='batch', VARNORM='no', AGC='none'
INFO: main.c(520): No mdef files.  Assuming 1-class init
INFO: main.c(1345): 1-class dump file
INFO: main.c(1385): Corpus 0: sz==246098 frames
INFO: main.c(1392): Convergence ratios are abs(cur - prior) / abs(prior)
INFO: main.c(237): alloc'ing 11Mb obs buf
INFO: main.c(577): Initializing means using random k-means
INFO: main.c(580): Trial 0: 64 means
INFO: kmeans.c(155): km iter [0] 1.000000e+00 ...
INFO: kmeans.c(155): km iter [1] 2.670806e-01 ...
INFO: kmeans.c(155): km iter [2] 4.366869e-02 ...
INFO: kmeans.c(155): km iter [3] 1.638710e-02 ...
INFO: kmeans.c(155): km iter [4] 9.141651e-03 ...
INFO: kmeans.c(155): km iter [5] 6.149765e-03 ...
INFO: kmeans.c(155): km iter [6] 4.296368e-03 ...
INFO: kmeans.c(155): km iter [7] 3.124367e-03 ...
INFO: kmeans.c(155): km iter [8] 2.467343e-03 ...
INFO: kmeans.c(155): km iter [9] 2.060357e-03 ...
INFO: kmeans.c(155): km iter [10] 1.892024e-03 ...
INFO: kmeans.c(155): km iter [11] 1.778442e-03 ...
INFO: kmeans.c(155): km iter [12] 1.591039e-03 ...
INFO: kmeans.c(155): km iter [13] 1.299094e-03 ...
INFO: kmeans.c(155): km iter [14] 1.004684e-03 ...
INFO: kmeans.c(168): kmtrineq n_iter 15 sqerr 8.201464e+04 conv_ratio 7.896312e-04
INFO: main.c(622): 	best-so-far sqerr = 8.201464e+04
INFO: main.c(237): alloc'ing 22Mb obs buf
INFO: main.c(577): Initializing means using random k-means
INFO: main.c(580): Trial 0: 64 means
INFO: kmeans.c(155): km iter [0] 1.000000e+00 ...
INFO: kmeans.c(155): km iter [1] 2.654097e-01 ...
INFO: kmeans.c(155): km iter [2] 3.983636e-02 ...
INFO: kmeans.c(155): km iter [3] 1.585270e-02 ...
INFO: kmeans.c(155): km iter [4] 8.679337e-03 ...
INFO: kmeans.c(155): km iter [5] 5.237365e-03 ...
INFO: kmeans.c(155): km iter [6] 3.516396e-03 ...
INFO: kmeans.c(155): km iter [7] 2.622992e-03 ...
INFO: kmeans.c(155): km iter [8] 1.978085e-03 ...
INFO: kmeans.c(155): km iter [9] 1.588715e-03 ...
INFO: kmeans.c(155): km iter [10] 1.358928e-03 ...
INFO: kmeans.c(155): km iter [11] 1.164841e-03 ...
INFO: kmeans.c(168): kmtrineq n_iter 12 sqerr 2.778802e+05 conv_ratio 9.593620e-04
INFO: main.c(622): 	best-so-far sqerr = 2.778802e+05
INFO: main.c(237): alloc'ing 2Mb obs buf
INFO: main.c(577): Initializing means using random k-means
INFO: main.c(580): Trial 0: 64 means
INFO: kmeans.c(155): km iter [0] 1.000000e+00 ...
INFO: kmeans.c(155): km iter [1] 2.928471e-01 ...
INFO: kmeans.c(155): km iter [2] 1.136454e-01 ...
INFO: kmeans.c(155): km iter [3] 5.541245e-02 ...
INFO: kmeans.c(155): km iter [4] 3.021952e-02 ...
INFO: kmeans.c(155): km iter [5] 1.798563e-02 ...
INFO: kmeans.c(155): km iter [6] 1.198449e-02 ...
INFO: kmeans.c(155): km iter [7] 8.554231e-03 ...
INFO: kmeans.c(155): km iter [8] 6.382151e-03 ...
INFO: kmeans.c(155): km iter [9] 4.949075e-03 ...
INFO: kmeans.c(155): km iter [10] 4.058139e-03 ...
INFO: kmeans.c(155): km iter [11] 3.449886e-03 ...
INFO: kmeans.c(155): km iter [12] 3.079955e-03 ...
INFO: kmeans.c(155): km iter [13] 2.924665e-03 ...
INFO: kmeans.c(155): km iter [14] 2.720685e-03 ...
INFO: kmeans.c(155): km iter [15] 2.738243e-03 ...
INFO: kmeans.c(155): km iter [16] 2.528034e-03 ...
INFO: kmeans.c(155): km iter [17] 2.226423e-03 ...
INFO: kmeans.c(155): km iter [18] 2.048312e-03 ...
INFO: kmeans.c(155): km iter [19] 1.878261e-03 ...
INFO: kmeans.c(155): km iter [20] 1.582953e-03 ...
INFO: kmeans.c(155): km iter [21] 1.288428e-03 ...
INFO: kmeans.c(155): km iter [22] 1.067858e-03 ...
INFO: kmeans.c(168): kmtrineq n_iter 23 sqerr 3.003144e+05 conv_ratio 9.578685e-04
INFO: main.c(622): 	best-so-far sqerr = 3.003144e+05
INFO: main.c(237): alloc'ing 11Mb obs buf
INFO: main.c(577): Initializing means using random k-means
INFO: main.c(580): Trial 0: 64 means
INFO: kmeans.c(155): km iter [0] 1.000000e+00 ...
INFO: kmeans.c(155): km iter [1] 1.743248e-01 ...
INFO: kmeans.c(155): km iter [2] 3.366733e-02 ...
INFO: kmeans.c(155): km iter [3] 1.385136e-02 ...
INFO: kmeans.c(155): km iter [4] 7.720527e-03 ...
INFO: kmeans.c(155): km iter [5] 5.137247e-03 ...
INFO: kmeans.c(155): km iter [6] 3.821834e-03 ...
INFO: kmeans.c(155): km iter [7] 3.059459e-03 ...
INFO: kmeans.c(155): km iter [8] 2.393932e-03 ...
INFO: kmeans.c(155): km iter [9] 1.941377e-03 ...
INFO: kmeans.c(155): km iter [10] 1.612517e-03 ...
INFO: kmeans.c(155): km iter [11] 1.334304e-03 ...
INFO: kmeans.c(155): km iter [12] 1.114608e-03 ...
INFO: kmeans.c(168): kmtrineq n_iter 13 sqerr 1.112347e+05 conv_ratio 9.712398e-04
INFO: main.c(622): 	best-so-far sqerr = 1.112347e+05
INFO: main.c(908): Initializing variances
INFO: main.c(237): alloc'ing 11Mb obs buf
INFO: main.c(237): alloc'ing 22Mb obs buf
INFO: main.c(237): alloc'ing 2Mb obs buf
INFO: main.c(237): alloc'ing 11Mb obs buf
INFO: main.c(1438): sqerr [0] == 7.714440e+05
INFO: main.c(1442): sqerr = 7.714440e+05 tot 8.783189e+02 rms
INFO: s3gau_io.c(228): Wrote /Sphinx/Mounted/an4/model_parameters/an4.ci_ptm_flatinitial/means [1x4x64 array]
INFO: s3gau_io.c(228): Wrote /Sphinx/Mounted/an4/model_parameters/an4.ci_ptm_flatinitial/variances [1x4x64 array]
INFO: main.c(1496): No mixing weight file given; none written
INFO: main.c(1628): TOTALS: km 0.001x 1.012e+00 var 0.000x 9.942e-01 em 0.000x 0.000e+00 all 0.001x 1.012e+00
Fri Oct 27 16:08:59 2017
