Current configuration:
[NAME]		[DEFLT]		[VALUE]
-agc		none		none
-agcthresh	2.0		2.000000e+00
-cachesz	200		200
-cb2mllrfn	.1cls.		.1cls.
-cepdir				/Sphinx/Mounted/an4/feat
-cepext		mfc		mfc
-ceplen		13		13
-cmn		live		batch
-cmninit	40,3,-1		40,3,-1
-cntfn				
-ctlfn				/Sphinx/Mounted/an4/etc/an4_train.fileids
-dictfn				
-example	no		no
-fdictfn			
-feat		1s_c_d_dd	s2_4x
-help		no		no
-lda				
-ldadim		0		0
-lsnfn				
-mllrctlfn			
-mllrdir			
-moddeffn			
-npart				0
-nskip		0		0
-part				0
-runlen		-1		-1
-segdir				
-segdmpdirs			/Sphinx/Mounted/an4/bwaccumdir/an4_buff_1,
-segdmpfn			/Sphinx/Mounted/an4/bwaccumdir/an4_buff_1/an4.dmp
-segext		v8_seg		v8_seg
-segidxfn			
-segtype	st		all
-sentdir			
-sentext			
-stride		1		1
-svspec				
-ts2cbfn			
-varnorm	no		no

INFO: main.c(169): No lexical transcripts provided
INFO: feat.c(715): Initializing feature stream to type: 's2_4x', ceplen=13, CMN='batch', VARNORM='no', AGC='none'
INFO: corpus.c(1062): Will process all remaining utts starting at 0
INFO: main.c(288): Will produce feature dump
INFO: main.c(427): Writing frames to one file
INFO: agg_all_seg.c(129): [0]
INFO: cmn.c(133): CMN:  5.69 -0.47 -0.05 -0.04 -0.04 -0.14 -0.15 -0.07 -0.07  0.02 -0.17 -0.06  0.03 
INFO: cmn.c(133): CMN:  6.14  0.03 -0.12 -0.18 -0.21  0.02 -0.27 -0.01 -0.17  0.07 -0.12 -0.07  0.05 
INFO: cmn.c(133): CMN:  5.86 -0.48 -0.09 -0.04 -0.08 -0.14 -0.17 -0.08 -0.07  0.02 -0.16 -0.03  0.04 
INFO: cmn.c(133): CMN:  8.41 -0.21 -0.06  0.12 -0.21 -0.16 -0.27  0.00 -0.24 -0.00 -0.17 -0.06 -0.02 
INFO: cmn.c(133): CMN:  6.95 -0.27 -0.04  0.12 -0.24 -0.19 -0.07 -0.02 -0.18 -0.01 -0.12 -0.07 -0.06 
INFO: cmn.c(133): CMN:  7.63  0.24 -0.07  0.13 -0.35 -0.20 -0.09 -0.02 -0.07 -0.07 -0.14 -0.03 -0.12 
INFO: cmn.c(133): CMN:  7.69  0.30  0.08  0.10 -0.31 -0.08 -0.13 -0.07 -0.31 -0.01 -0.08 -0.08 -0.03 
INFO: cmn.c(133): CMN:  7.60 -0.32  0.12  0.23 -0.27 -0.19 -0.08 -0.07 -0.21 -0.01 -0.09 -0.08 -0.03 
INFO: cmn.c(133): CMN:  7.85 -0.20 -0.06  0.05 -0.22 -0.25 -0.09 -0.03 -0.16 -0.12 -0.09 -0.03 -0.09 
INFO: cmn.c(133): CMN:  9.97 -0.41  0.20  0.34 -0.11 -0.24 -0.16 -0.17 -0.28 -0.12 -0.24 -0.20 -0.03 
INFO: cmn.c(133): CMN:  9.46 -0.28 -0.04 -0.01 -0.17 -0.07 -0.31 -0.12 -0.16 -0.14 -0.09 -0.14 -0.02 
INFO: cmn.c(133): CMN: 10.45 -0.17 -0.22  0.09 -0.26 -0.13 -0.26 -0.11 -0.22 -0.07 -0.13 -0.14 -0.07 
INFO: cmn.c(133): CMN:  9.66 -0.21 -0.07  0.29 -0.21 -0.15 -0.21 -0.12 -0.19 -0.12 -0.16 -0.16 -0.03 
INFO: cmn.c(133): CMN:  7.98  0.24  0.04  0.06 -0.29 -0.10 -0.20 -0.14 -0.18 -0.07 -0.17 -0.04 -0.06 
INFO: cmn.c(133): CMN:  9.53  0.15 -0.24  0.19 -0.34 -0.11 -0.21 -0.09 -0.22 -0.09 -0.17 -0.14 -0.07 
INFO: cmn.c(133): CMN:  9.56  0.03 -0.08  0.28 -0.33 -0.09 -0.23 -0.11 -0.23 -0.08 -0.21 -0.11 -0.10 
INFO: cmn.c(133): CMN:  8.91 -0.52 -0.10  0.09 -0.07 -0.14 -0.23 -0.08 -0.16 -0.11 -0.17 -0.06 -0.02 
INFO: cmn.c(133): CMN:  9.13 -0.17 -0.16  0.20 -0.23 -0.13 -0.23 -0.09 -0.20 -0.09 -0.16 -0.07 -0.07 
INFO: cmn.c(133): CMN: 10.18 -0.22 -0.13  0.30 -0.30 -0.23 -0.26 -0.08 -0.18 -0.07 -0.22 -0.09 -0.13 
INFO: cmn.c(133): CMN:  9.45  0.31 -0.19 -0.20 -0.34 -0.02 -0.28 -0.10 -0.15 -0.05 -0.12 -0.12 -0.06 
INFO: cmn.c(133): CMN:  9.60 -0.19 -0.14  0.15 -0.14 -0.09 -0.34 -0.09 -0.17 -0.18 -0.16 -0.15 -0.02 
INFO: cmn.c(133): CMN:  8.92 -0.19 -0.14  0.13 -0.12 -0.13 -0.27 -0.11 -0.16 -0.05 -0.18 -0.06 -0.05 
INFO: cmn.c(133): CMN: 10.18  0.19 -0.28  0.13 -0.46 -0.08 -0.31 -0.11 -0.02 -0.17 -0.16  0.02 -0.10 
INFO: cmn.c(133): CMN:  9.50 -0.46 -0.00  0.29 -0.36 -0.11 -0.24 -0.10 -0.16 -0.15 -0.17 -0.01 -0.07 
INFO: cmn.c(133): CMN: 10.99 -0.09 -0.28  0.26 -0.44 -0.15 -0.30 -0.15 -0.10 -0.14 -0.15 -0.01 -0.08 
INFO: cmn.c(133): CMN: 10.52  0.09 -0.35  0.42 -0.45 -0.17 -0.25 -0.07 -0.11 -0.23 -0.14 -0.01 -0.10 
INFO: cmn.c(133): CMN: 10.62 -0.17 -0.15  0.26 -0.45 -0.13 -0.27 -0.11 -0.21 -0.16 -0.13 -0.02 -0.13 
INFO: cmn.c(133): CMN:  8.98  0.39 -0.14  0.17 -0.50 -0.04 -0.20 -0.16 -0.09 -0.20 -0.13 -0.03 -0.08 
INFO: cmn.c(133): CMN:  8.97  0.19 -0.15  0.21 -0.32 -0.13 -0.17 -0.15 -0.11 -0.17 -0.13 -0.07 -0.07 
INFO: cmn.c(133): CMN:  9.57  0.05 -0.49  0.10 -0.37 -0.07 -0.17 -0.23  0.02 -0.10 -0.18 -0.08 -0.09 
INFO: cmn.c(133): CMN:  9.59  0.58 -0.30  0.09 -0.65 -0.05 -0.17 -0.27 -0.06 -0.19 -0.10 -0.06 -0.13 
INFO: cmn.c(133): CMN:  9.71 -0.04 -0.12  0.40 -0.47 -0.09 -0.17 -0.21 -0.18 -0.17 -0.14 -0.11 -0.11 
INFO: cmn.c(133): CMN:  9.63  0.32 -0.14  0.14 -0.41 -0.09 -0.17 -0.28 -0.06 -0.10 -0.16 -0.03 -0.15 
INFO: cmn.c(133): CMN:  9.87 -0.17 -0.20  0.14 -0.33 -0.17 -0.25 -0.12 -0.08 -0.14 -0.17  0.01 -0.12 
INFO: cmn.c(133): CMN: 10.04 -0.31 -0.08  0.14 -0.32 -0.09 -0.25 -0.09 -0.12 -0.15 -0.13  0.02 -0.11 
INFO: cmn.c(133): CMN:  8.60  0.06 -0.28  0.13 -0.31 -0.05 -0.09 -0.13 -0.07 -0.05 -0.06 -0.13  0.04 
INFO: cmn.c(133): CMN:  8.83 -0.37 -0.16  0.34 -0.38 -0.08 -0.11 -0.15 -0.14 -0.06 -0.08 -0.09  0.02 
INFO: cmn.c(133): CMN:  8.04  0.12 -0.25  0.03 -0.31 -0.00 -0.22 -0.07 -0.13  0.02 -0.06 -0.10  0.02 
INFO: cmn.c(133): CMN:  8.54 -0.06 -0.11  0.34 -0.43 -0.04 -0.13 -0.17 -0.15 -0.04 -0.06 -0.12  0.04 
INFO: cmn.c(133): CMN:  9.40 -0.06 -0.35  0.14 -0.36 -0.12 -0.20 -0.08 -0.12 -0.08 -0.08 -0.16  0.02 
INFO: cmn.c(133): CMN:  9.52 -0.22 -0.32  0.39 -0.42 -0.22 -0.06 -0.15 -0.13 -0.07 -0.10 -0.11 -0.01 
INFO: cmn.c(133): CMN:  9.07 -0.24 -0.30  0.56 -0.46 -0.17 -0.11 -0.20 -0.11 -0.09 -0.07 -0.08 -0.01 
INFO: cmn.c(133): CMN:  8.65 -0.12 -0.35  0.07 -0.18 -0.09 -0.18 -0.10 -0.08 -0.03 -0.09 -0.10  0.04 
INFO: cmn.c(133): CMN:  9.03  0.05 -0.39  0.36 -0.44 -0.08 -0.07 -0.16 -0.12 -0.04 -0.11 -0.15  0.00 
INFO: cmn.c(133): CMN:  8.79 -0.35 -0.13  0.50 -0.39 -0.08 -0.07 -0.19 -0.11 -0.07 -0.07 -0.12  0.03 
INFO: cmn.c(133): CMN:  8.61  0.17 -0.32  0.25 -0.29 -0.09 -0.14 -0.17 -0.07 -0.10 -0.09 -0.09  0.02 
INFO: cmn.c(133): CMN:  8.86 -0.30 -0.25  0.44 -0.27 -0.17 -0.16 -0.12 -0.15 -0.08 -0.05 -0.08  0.03 
INFO: cmn.c(133): CMN:  9.01 -0.52 -0.17  0.42 -0.28 -0.13 -0.17 -0.14 -0.14 -0.11 -0.01 -0.08  0.01 
INFO: cmn.c(133): CMN:  9.31  0.19 -0.42  0.15 -0.29 -0.06 -0.25 -0.06 -0.07 -0.12 -0.09 -0.15  0.03 
INFO: cmn.c(133): CMN:  9.25 -0.14 -0.02  0.41 -0.24 -0.13 -0.22 -0.06 -0.24 -0.10 -0.11 -0.15  0.05 
INFO: cmn.c(133): CMN:  9.78  0.12 -0.18  0.24 -0.31 -0.14 -0.24 -0.06 -0.16 -0.11 -0.08 -0.15  0.00 
INFO: cmn.c(133): CMN:  9.90 -0.20 -0.01  0.30 -0.32 -0.15 -0.15 -0.11 -0.17 -0.03 -0.13 -0.13  0.04 
INFO: cmn.c(133): CMN:  9.73  0.11 -0.08  0.36 -0.31 -0.13 -0.24 -0.13 -0.16 -0.08 -0.12 -0.13  0.03 
INFO: cmn.c(133): CMN:  8.51  0.20 -0.01  0.52 -0.33 -0.03 -0.11 -0.19 -0.22 -0.14 -0.12 -0.17 -0.00 
INFO: cmn.c(133): CMN:  8.87  0.18 -0.10  0.29 -0.41 -0.09 -0.16 -0.14 -0.15 -0.12 -0.09 -0.11 -0.00 
INFO: cmn.c(133): CMN:  9.37 -0.35 -0.12  0.32 -0.20 -0.13 -0.28 -0.04 -0.21 -0.14 -0.10 -0.11  0.02 
INFO: cmn.c(133): CMN:  8.95 -0.05 -0.14  0.20 -0.36 -0.13 -0.13 -0.16 -0.11 -0.04 -0.12 -0.11 -0.01 
INFO: cmn.c(133): CMN:  8.77 -0.14  0.02  0.45 -0.38 -0.14 -0.05 -0.21 -0.13 -0.11 -0.09 -0.14  0.05 
INFO: cmn.c(133): CMN:  9.51  0.16 -0.17  0.23 -0.29 -0.05 -0.27 -0.07 -0.09 -0.08 -0.11 -0.15  0.05 
INFO: cmn.c(133): CMN:  9.31  0.11 -0.07  0.19 -0.24 -0.09 -0.22 -0.09 -0.15 -0.14 -0.08 -0.14  0.04 
INFO: cmn.c(133): CMN:  9.00 -0.25 -0.07  0.19 -0.22 -0.11 -0.18 -0.03 -0.15 -0.08 -0.08 -0.13  0.01 
INFO: cmn.c(133): CMN:  7.69 -0.47 -0.05 -0.03 -0.14 -0.06 -0.11 -0.12 -0.13 -0.10 -0.13 -0.07 -0.06 
INFO: cmn.c(133): CMN:  9.74 -0.27 -0.24  0.15 -0.30 -0.19 -0.13 -0.05 -0.05 -0.09 -0.12 -0.06 -0.02 
INFO: cmn.c(133): CMN:  9.71 -0.24 -0.20  0.17 -0.50 -0.04 -0.19 -0.05 -0.17 -0.08 -0.13 -0.08 -0.03 
INFO: cmn.c(133): CMN:  9.20 -0.03 -0.20  0.20 -0.43 -0.04 -0.12 -0.12 -0.14 -0.05 -0.11 -0.07 -0.02 
INFO: cmn.c(133): CMN:  7.14 -0.25 -0.16 -0.14 -0.17  0.01 -0.08 -0.13 -0.06 -0.09 -0.12 -0.01 -0.10 
INFO: cmn.c(133): CMN: 10.48  0.10 -0.29  0.04 -0.55 -0.19 -0.15 -0.07 -0.15  0.02 -0.17 -0.06 -0.14 
INFO: cmn.c(133): CMN: 10.04 -0.13 -0.10  0.24 -0.44 -0.13 -0.27 -0.15 -0.27  0.00 -0.18 -0.10 -0.07 
INFO: cmn.c(133): CMN:  9.08 -0.38 -0.26 -0.01 -0.21 -0.11 -0.10 -0.08 -0.10 -0.11 -0.14 -0.08 -0.09 
INFO: cmn.c(133): CMN: 10.12 -0.00 -0.32  0.11 -0.51 -0.11 -0.18 -0.04 -0.07 -0.06 -0.12 -0.05 -0.11 
INFO: cmn.c(133): CMN:  9.78 -0.37 -0.06  0.18 -0.37 -0.19 -0.17 -0.08 -0.19 -0.03 -0.18  0.00 -0.11 
INFO: cmn.c(133): CMN:  7.52 -0.04 -0.24 -0.01 -0.19 -0.07 -0.15 -0.09 -0.11 -0.10 -0.15 -0.06 -0.13 
INFO: cmn.c(133): CMN:  9.62 -0.30 -0.20  0.11 -0.31 -0.14 -0.23 -0.04 -0.15 -0.13 -0.13 -0.03 -0.08 
INFO: cmn.c(133): CMN:  9.52 -0.32 -0.20  0.19 -0.25 -0.14 -0.21 -0.03 -0.09 -0.11 -0.12 -0.01 -0.12 
INFO: cmn.c(133): CMN:  6.49  0.16 -0.24 -0.18 -0.26  0.04 -0.01 -0.07 -0.01 -0.05 -0.14 -0.01 -0.04 
INFO: cmn.c(133): CMN:  8.61  0.04 -0.41  0.19 -0.25 -0.17 -0.18 -0.04 -0.14 -0.06 -0.17 -0.00  0.01 
INFO: cmn.c(133): CMN:  8.20 -0.09 -0.31  0.09 -0.21 -0.16 -0.11 -0.07 -0.12 -0.06 -0.18 -0.04 -0.05 
INFO: cmn.c(133): CMN:  9.57  0.32 -0.59  0.13 -0.38 -0.09 -0.21 -0.11 -0.08 -0.01 -0.16 -0.06 -0.04 
INFO: cmn.c(133): CMN:  8.16 -0.28 -0.16  0.26 -0.24 -0.12 -0.15 -0.03 -0.11 -0.06 -0.14 -0.05 -0.00 
INFO: cmn.c(133): CMN:  8.71  0.08 -0.20  0.03 -0.33 -0.11 -0.12 -0.11 -0.10  0.01 -0.17 -0.02 -0.03 
INFO: cmn.c(133): CMN:  9.40  0.14 -0.33  0.30 -0.34 -0.22 -0.21 -0.02 -0.17 -0.02 -0.24 -0.02 -0.03 
INFO: cmn.c(133): CMN:  7.12  0.03 -0.24  0.27 -0.20 -0.15 -0.14 -0.05 -0.13 -0.08 -0.14 -0.00 -0.02 
INFO: cmn.c(133): CMN:  8.23  0.09 -0.14  0.43 -0.31 -0.18 -0.16 -0.06 -0.18 -0.12 -0.14 -0.02 -0.05 
INFO: cmn.c(133): CMN:  9.32  0.35 -0.35  0.35 -0.52 -0.14 -0.22 -0.05 -0.20 -0.04 -0.17 -0.06 -0.08 
INFO: cmn.c(133): CMN:  8.43  0.04 -0.28  0.11 -0.23 -0.15 -0.16 -0.10 -0.12 -0.01 -0.18 -0.04 -0.02 
INFO: cmn.c(133): CMN:  8.86  0.19 -0.37  0.11 -0.32 -0.17 -0.14 -0.12 -0.16 -0.02 -0.19  0.03 -0.05 
INFO: cmn.c(133): CMN:  8.38 -0.01 -0.16  0.22 -0.23 -0.21 -0.13 -0.07 -0.09 -0.05 -0.13 -0.01 -0.05 
INFO: cmn.c(133): CMN:  9.25 -0.02 -0.00  0.48 -0.31 -0.01 -0.22 -0.08 -0.28 -0.05 -0.18 -0.14 -0.09 
INFO: cmn.c(133): CMN:  7.50  0.12 -0.06  0.06 -0.20 -0.02 -0.13 -0.07 -0.15 -0.02 -0.17 -0.09 -0.16 
INFO: cmn.c(133): CMN:  9.74 -0.03 -0.10  0.22 -0.26 -0.05 -0.27 -0.06 -0.20 -0.02 -0.20 -0.10 -0.10 
INFO: cmn.c(133): CMN:  9.56 -0.16 -0.12  0.13 -0.21 -0.06 -0.17 -0.07 -0.17 -0.03 -0.18 -0.13 -0.10 
INFO: cmn.c(133): CMN:  9.51 -0.07 -0.09  0.31 -0.27 -0.14 -0.24 -0.05 -0.22 -0.11 -0.10 -0.14 -0.09 
INFO: cmn.c(133): CMN: 10.36 -0.16 -0.28  0.28 -0.38 -0.20 -0.24 -0.00 -0.23 -0.06 -0.11 -0.16 -0.10 
INFO: cmn.c(133): CMN:  9.73 -0.37  0.08  0.52 -0.48 -0.09 -0.16 -0.11 -0.25 -0.08 -0.18 -0.14 -0.09 
INFO: cmn.c(133): CMN:  8.61 -0.06 -0.06  0.07 -0.08 -0.13 -0.13 -0.00 -0.16 -0.07 -0.21 -0.06 -0.16 
INFO: cmn.c(133): CMN:  9.79 -0.20 -0.03  0.35 -0.40 -0.06 -0.20 -0.09 -0.22 -0.05 -0.17 -0.17 -0.08 
INFO: cmn.c(133): CMN: 10.37 -0.07 -0.06  0.20 -0.47 -0.06 -0.26 -0.08 -0.18 -0.05 -0.16 -0.17 -0.07 
INFO: cmn.c(133): CMN:  9.31 -0.32 -0.10  0.17 -0.10 -0.18 -0.23 -0.08 -0.14 -0.07 -0.21 -0.11 -0.08 
INFO: cmn.c(133): CMN:  9.14 -0.06 -0.11  0.24 -0.17 -0.08 -0.30 -0.06 -0.19 -0.02 -0.19 -0.11 -0.08 
INFO: cmn.c(133): CMN:  9.09 -0.09  0.03  0.18 -0.11 -0.15 -0.20 -0.07 -0.18 -0.01 -0.24 -0.08 -0.10 
INFO: cmn.c(133): CMN:  9.37 -0.04 -0.29  0.14 -0.31 -0.07 -0.29 -0.11 -0.11 -0.05 -0.16 -0.10 -0.03 
INFO: cmn.c(133): CMN:  9.62 -0.04 -0.30  0.43 -0.28 -0.17 -0.22 -0.03 -0.19 -0.16 -0.14 -0.09  0.00 
INFO: cmn.c(133): CMN:  9.86 -0.12 -0.27  0.30 -0.28 -0.17 -0.26 -0.03 -0.18 -0.12 -0.14 -0.08 -0.01 
INFO: cmn.c(133): CMN: 10.21 -0.07 -0.33  0.24 -0.32 -0.17 -0.29 -0.02 -0.12 -0.08 -0.17 -0.07 -0.01 
INFO: cmn.c(133): CMN:  8.36 -0.01 -0.28  0.29 -0.25 -0.03 -0.24 -0.04 -0.13 -0.11 -0.10 -0.04 -0.04 
INFO: cmn.c(133): CMN: 10.44  0.16 -0.41  0.16 -0.44 -0.08 -0.29 -0.11 -0.09 -0.02 -0.20 -0.09 -0.04 
INFO: cmn.c(133): CMN: 10.15  0.23 -0.43  0.17 -0.48 -0.12 -0.35 -0.04 -0.15 -0.03 -0.15 -0.07 -0.05 
INFO: cmn.c(133): CMN:  8.71  0.06 -0.21  0.02 -0.26  0.01 -0.21 -0.10 -0.11 -0.03 -0.18 -0.08 -0.00 
INFO: cmn.c(133): CMN:  9.21  0.57 -0.23  0.37 -0.53 -0.02 -0.22 -0.14 -0.25 -0.17 -0.09 -0.13 -0.04 
INFO: cmn.c(133): CMN:  9.43 -0.19 -0.20  0.45 -0.37 -0.14 -0.24 -0.02 -0.23 -0.13 -0.13 -0.11  0.01 
INFO: cmn.c(133): CMN:  9.44  0.02 -0.31  0.12 -0.30 -0.04 -0.16 -0.12 -0.04 -0.09 -0.14 -0.13  0.01 
INFO: cmn.c(133): CMN:  9.52  0.10 -0.39  0.05 -0.33 -0.04 -0.18 -0.13 -0.17 -0.12 -0.09 -0.08 -0.05 
INFO: cmn.c(133): CMN:  9.67 -0.13 -0.32  0.15 -0.16 -0.14 -0.18 -0.07 -0.10 -0.15 -0.12 -0.11 -0.02 
INFO: cmn.c(133): CMN:  9.21  0.13 -0.22 -0.07 -0.18 -0.17 -0.05 -0.14 -0.05 -0.06 -0.08 -0.15  0.01 
INFO: cmn.c(133): CMN:  7.81 -0.15 -0.15 -0.15 -0.12 -0.05 -0.13 -0.08 -0.10 -0.09 -0.07 -0.16  0.01 
INFO: cmn.c(133): CMN:  7.68 -0.06 -0.07  0.16 -0.15 -0.13 -0.06 -0.15 -0.16 -0.14 -0.11 -0.09 -0.03 
INFO: cmn.c(133): CMN:  8.07 -0.35 -0.11 -0.12 -0.21  0.02 -0.07 -0.12 -0.11 -0.05 -0.12 -0.11 -0.06 
INFO: cmn.c(133): CMN:  8.84 -0.05 -0.19  0.15 -0.21 -0.22  0.00 -0.17 -0.07 -0.11 -0.08 -0.14 -0.02 
INFO: cmn.c(133): CMN:  8.89 -0.02 -0.12 -0.02 -0.18 -0.26 -0.05 -0.13 -0.12 -0.11 -0.05 -0.13  0.00 
INFO: cmn.c(133): CMN:  8.79  0.04 -0.18  0.15 -0.15 -0.30 -0.01 -0.18 -0.15 -0.08 -0.06 -0.11 -0.00 
INFO: cmn.c(133): CMN:  8.95  0.05 -0.15  0.21 -0.06 -0.24 -0.10 -0.15 -0.15 -0.12 -0.11 -0.11 -0.02 
INFO: cmn.c(133): CMN:  9.24  0.27 -0.11  0.06 -0.19 -0.31  0.08 -0.21 -0.07 -0.11 -0.06 -0.14  0.02 
INFO: cmn.c(133): CMN:  9.44 -0.01 -0.10  0.26 -0.17 -0.32  0.01 -0.20 -0.14 -0.08 -0.12 -0.13  0.01 
INFO: cmn.c(133): CMN:  8.67  0.34 -0.15  0.01 -0.08 -0.14 -0.05 -0.19 -0.08 -0.07 -0.07 -0.13  0.01 
INFO: cmn.c(133): CMN:  8.61  0.18 -0.14  0.21 -0.11 -0.27 -0.00 -0.22 -0.15 -0.12 -0.09 -0.09 -0.02 
INFO: cmn.c(133): CMN:  9.30 -0.04 -0.18 -0.06 -0.10 -0.21 -0.05 -0.11 -0.08 -0.08 -0.12 -0.10 -0.05 
INFO: cmn.c(133): CMN:  9.09 -0.33 -0.21  0.27 -0.24  0.01 -0.31  0.02 -0.16 -0.02 -0.13 -0.00  0.01 
INFO: cmn.c(133): CMN:  8.74 -0.09 -0.31  0.18 -0.21  0.04 -0.32  0.09 -0.07 -0.06 -0.04 -0.03  0.02 
INFO: cmn.c(133): CMN:  9.02 -0.21 -0.32  0.23 -0.28  0.02 -0.30  0.06 -0.14 -0.07 -0.06 -0.08  0.03 
INFO: cmn.c(133): CMN:  7.92  0.09 -0.29  0.04 -0.24  0.06 -0.22  0.01 -0.09 -0.05 -0.06 -0.02 -0.04 
INFO: cmn.c(133): CMN:  8.50 -0.55  0.00  0.29 -0.33  0.01 -0.16 -0.01 -0.17 -0.09 -0.06 -0.07  0.05 
INFO: cmn.c(133): CMN:  8.23 -0.38  0.05  0.20 -0.24 -0.08 -0.18  0.03 -0.18  0.04 -0.13  0.05 -0.03 
INFO: cmn.c(133): CMN:  8.47 -0.06 -0.03  0.15 -0.35 -0.01 -0.12  0.07 -0.17  0.02 -0.10  0.01  0.01 
INFO: cmn.c(133): CMN:  8.53 -0.08 -0.21  0.06 -0.19 -0.11 -0.21  0.01 -0.16 -0.04 -0.07 -0.02 -0.00 
INFO: cmn.c(133): CMN:  8.38 -0.22  0.09  0.46 -0.45  0.03 -0.10 -0.11 -0.18 -0.02 -0.09 -0.10  0.08 
INFO: cmn.c(133): CMN:  8.38 -0.54 -0.04 -0.02 -0.16 -0.02 -0.19  0.07 -0.14  0.00 -0.12 -0.00  0.03 
INFO: cmn.c(133): CMN:  8.41 -0.33 -0.09  0.09 -0.16  0.01 -0.17  0.03 -0.05 -0.02 -0.07 -0.05  0.02 
INFO: cmn.c(133): CMN:  8.51  0.11 -0.27  0.18 -0.29 -0.05 -0.13  0.01 -0.08 -0.06 -0.01 -0.03  0.00 
INFO: cmn.c(133): CMN:  9.36 -0.27  0.03  0.32 -0.41 -0.05 -0.28 -0.03 -0.19  0.03 -0.11 -0.06  0.02 
INFO: cmn.c(133): CMN:  9.47 -0.58  0.16  0.46 -0.47  0.01 -0.20 -0.09 -0.20 -0.02 -0.11 -0.07 -0.01 
INFO: cmn.c(133): CMN:  7.35 -0.32 -0.14  0.10 -0.28 -0.07 -0.18 -0.04 -0.06 -0.06 -0.05 -0.11 -0.07 
INFO: cmn.c(133): CMN:  9.53 -0.19 -0.20  0.09 -0.43  0.08 -0.27 -0.06 -0.09 -0.00 -0.13 -0.04 -0.03 
INFO: cmn.c(133): CMN:  7.87 -0.32 -0.03  0.49 -0.40 -0.06 -0.29 -0.11 -0.17 -0.03 -0.07 -0.11 -0.04 
INFO: cmn.c(133): CMN:  8.93 -0.40 -0.06  0.28 -0.44  0.09 -0.25 -0.07 -0.11  0.03 -0.11 -0.07  0.01 
INFO: cmn.c(133): CMN: 10.39 -0.32 -0.15  0.46 -0.63 -0.05 -0.24  0.01 -0.20  0.02 -0.13 -0.10 -0.06 
INFO: cmn.c(133): CMN:  9.66 -0.21 -0.20  0.27 -0.59 -0.06 -0.16 -0.00 -0.14  0.00 -0.09 -0.08 -0.03 
INFO: cmn.c(133): CMN:  9.48 -0.34 -0.05  0.35 -0.47 -0.08 -0.25 -0.00 -0.17 -0.05 -0.12 -0.04 -0.00 
INFO: cmn.c(133): CMN: 10.10 -0.25 -0.20  0.38 -0.62  0.03 -0.28  0.01 -0.19  0.02 -0.15 -0.11 -0.05 
INFO: cmn.c(133): CMN:  9.04 -0.40 -0.05  0.32 -0.45 -0.01 -0.26 -0.05 -0.20 -0.03 -0.13 -0.09 -0.06 
INFO: cmn.c(133): CMN:  9.10 -0.07 -0.21  0.32 -0.44 -0.04 -0.29 -0.00 -0.17 -0.04 -0.13 -0.08 -0.03 
INFO: cmn.c(133): CMN:  9.87 -0.25 -0.35  0.27 -0.40 -0.09 -0.28 -0.03 -0.14 -0.03 -0.11 -0.07 -0.05 
INFO: cmn.c(133): CMN:  9.40 -0.35 -0.12  0.32 -0.40 -0.12 -0.26 -0.05 -0.18 -0.05 -0.08 -0.07 -0.02 
INFO: cmn.c(133): CMN:  9.09 -0.06 -0.15  0.10 -0.19 -0.15 -0.21 -0.15 -0.13 -0.09 -0.14 -0.04 -0.04 
INFO: cmn.c(133): CMN:  9.11 -0.16 -0.11 -0.03 -0.21 -0.05 -0.20 -0.19 -0.07 -0.09 -0.16 -0.01 -0.10 
INFO: cmn.c(133): CMN:  9.08 -0.24 -0.23  0.07 -0.30 -0.09 -0.16 -0.19 -0.15 -0.08 -0.18  0.00 -0.08 
INFO: cmn.c(133): CMN:  5.94 -0.09 -0.19 -0.07 -0.06 -0.01 -0.17 -0.09 -0.08 -0.13 -0.12 -0.07 -0.06 
INFO: cmn.c(133): CMN:  8.68  0.18 -0.28 -0.21 -0.28 -0.08 -0.24 -0.16 -0.14 -0.01 -0.14 -0.04 -0.06 
INFO: cmn.c(133): CMN:  8.03  0.01 -0.02 -0.03 -0.41 -0.05 -0.10 -0.21 -0.11 -0.06 -0.15 -0.07 -0.09 
INFO: cmn.c(133): CMN:  8.67 -0.10 -0.17  0.05 -0.36 -0.10 -0.16 -0.22 -0.09 -0.06 -0.22 -0.04 -0.15 
INFO: cmn.c(133): CMN:  8.52 -0.29 -0.25 -0.16 -0.25 -0.07 -0.17 -0.15 -0.12 -0.01 -0.16 -0.07 -0.11 
INFO: cmn.c(133): CMN:  8.66 -0.23 -0.13  0.29 -0.33 -0.20 -0.24 -0.18 -0.24 -0.11 -0.13 -0.07 -0.12 
INFO: cmn.c(133): CMN:  8.88 -0.43 -0.10  0.35 -0.34 -0.15 -0.17 -0.16 -0.23 -0.09 -0.16 -0.10 -0.09 
INFO: cmn.c(133): CMN:  8.56 -0.11 -0.15 -0.07 -0.22 -0.05 -0.18 -0.21 -0.18 -0.01 -0.14 -0.10 -0.13 
INFO: cmn.c(133): CMN:  8.44  0.14 -0.23 -0.19 -0.29  0.01 -0.25 -0.09 -0.19 -0.03 -0.13 -0.11 -0.08 
INFO: cmn.c(133): CMN:  7.57 -0.30 -0.14  0.09 -0.05 -0.11 -0.20 -0.09 -0.15 -0.15 -0.16 -0.07 -0.09 
INFO: cmn.c(133): CMN:  8.38  0.14 -0.12  0.07 -0.26 -0.06 -0.12 -0.02 -0.09 -0.12 -0.15 -0.17 -0.00 
INFO: cmn.c(133): CMN:  9.27 -0.18  0.09  0.29 -0.24 -0.20 -0.11 -0.14 -0.23 -0.08 -0.18 -0.10  0.02 
INFO: cmn.c(133): CMN:  9.38 -0.12  0.04  0.26 -0.25 -0.14 -0.10 -0.14 -0.14 -0.06 -0.17 -0.09  0.00 
INFO: cmn.c(133): CMN:  9.15 -0.34  0.18  0.38 -0.30 -0.10 -0.11 -0.10 -0.19 -0.10 -0.18 -0.10 -0.02 
INFO: cmn.c(133): CMN:  9.60 -0.12 -0.11  0.20 -0.34 -0.18 -0.11 -0.13 -0.09 -0.07 -0.17 -0.12 -0.03 
INFO: cmn.c(133): CMN:  9.03  0.14  0.08  0.33 -0.31 -0.11 -0.08 -0.15 -0.18 -0.09 -0.18 -0.09 -0.04 
INFO: cmn.c(133): CMN:  9.23  0.30 -0.07  0.13 -0.38 -0.22 -0.10 -0.09 -0.13 -0.07 -0.13 -0.13 -0.05 
INFO: cmn.c(133): CMN:  9.46 -0.25 -0.16 -0.04 -0.22 -0.14 -0.18 -0.04 -0.11 -0.10 -0.12 -0.10 -0.07 
INFO: cmn.c(133): CMN:  9.12  0.02  0.25  0.15 -0.31 -0.14 -0.02 -0.26 -0.03 -0.14 -0.18 -0.05 -0.04 
INFO: cmn.c(133): CMN:  9.39 -0.31  0.13  0.33 -0.30 -0.16 -0.08 -0.14 -0.15 -0.03 -0.19 -0.09 -0.00 
INFO: cmn.c(133): CMN:  9.46  0.12 -0.11  0.10 -0.23 -0.14 -0.15 -0.05 -0.03 -0.11 -0.14 -0.14 -0.02 
INFO: cmn.c(133): CMN:  9.55  0.23 -0.13  0.02 -0.24 -0.19 -0.22 -0.03 -0.09 -0.14 -0.13 -0.11 -0.03 
INFO: cmn.c(133): CMN:  9.53 -0.19  0.00  0.13 -0.23 -0.18 -0.16 -0.02 -0.13 -0.08 -0.16 -0.07 -0.00 
INFO: cmn.c(133): CMN:  9.66 -0.26  0.27  0.26 -0.44 -0.02 -0.13 -0.17 -0.16 -0.12 -0.11 -0.13 -0.00 
INFO: cmn.c(133): CMN:  7.98 -0.47  0.10  0.28 -0.29  0.03 -0.19 -0.14 -0.16 -0.13 -0.09 -0.08 -0.04 
INFO: cmn.c(133): CMN:  9.68 -0.34 -0.01 -0.04 -0.35 -0.08 -0.12 -0.12 -0.08  0.02 -0.17 -0.09 -0.05 
INFO: cmn.c(133): CMN:  8.35  0.11  0.04  0.05 -0.39  0.08 -0.20 -0.14 -0.13 -0.05 -0.14 -0.12 -0.05 
INFO: cmn.c(133): CMN:  8.17 -0.31 -0.06 -0.04 -0.32  0.04 -0.16 -0.05 -0.08 -0.09 -0.12 -0.09 -0.05 
INFO: cmn.c(133): CMN:  9.34 -0.72  0.21  0.34 -0.39 -0.03 -0.15 -0.11 -0.15 -0.08 -0.14 -0.06 -0.04 
INFO: cmn.c(133): CMN:  9.93 -0.29  0.10  0.19 -0.48  0.04 -0.27 -0.20 -0.09 -0.10 -0.11 -0.12 -0.01 
INFO: cmn.c(133): CMN:  9.65 -0.46  0.03  0.03 -0.27 -0.05 -0.17 -0.12 -0.11 -0.09 -0.14 -0.08 -0.06 
INFO: cmn.c(133): CMN:  9.72 -0.32  0.09  0.17 -0.49  0.01 -0.26 -0.16 -0.10 -0.10 -0.07 -0.09 -0.01 
INFO: cmn.c(133): CMN:  9.73 -0.59  0.12  0.28 -0.45 -0.02 -0.17 -0.10 -0.13 -0.08 -0.11 -0.10 -0.02 
INFO: cmn.c(133): CMN:  9.37 -0.27 -0.01  0.18 -0.31  0.02 -0.30 -0.11 -0.14 -0.09 -0.13 -0.08 -0.02 
INFO: cmn.c(133): CMN:  9.84 -0.41  0.01  0.02 -0.23 -0.08 -0.26 -0.06 -0.11 -0.10 -0.15 -0.04 -0.03 
INFO: cmn.c(133): CMN:  9.68 -0.49  0.09  0.34 -0.31 -0.12 -0.22 -0.11 -0.17 -0.09 -0.09 -0.06 -0.02 
INFO: cmn.c(133): CMN: 10.38 -0.44 -0.12  0.06 -0.20 -0.23 -0.05 -0.08 -0.11 -0.19 -0.08 -0.06 -0.03 
INFO: cmn.c(133): CMN:  9.81 -0.36 -0.20  0.05 -0.15 -0.16 -0.13 -0.04 -0.07 -0.16 -0.12 -0.06 -0.03 
INFO: cmn.c(133): CMN:  9.05 -0.34 -0.31 -0.19 -0.22 -0.05 -0.07 -0.04 -0.11 -0.10 -0.10 -0.09 -0.08 
INFO: cmn.c(133): CMN:  9.79 -0.45  0.10  0.23 -0.23 -0.20 -0.05 -0.07 -0.21 -0.13 -0.12 -0.08  0.01 
INFO: cmn.c(133): CMN: 10.08 -0.40 -0.19  0.15 -0.21 -0.23 -0.09 -0.04 -0.16 -0.13 -0.14 -0.08 -0.00 
INFO: cmn.c(133): CMN: 10.66 -0.40 -0.01  0.23 -0.31 -0.21 -0.10 -0.10 -0.20 -0.14 -0.12 -0.11 -0.02 
INFO: cmn.c(133): CMN: 10.72 -0.30 -0.14 -0.04 -0.35 -0.19 -0.08 -0.06 -0.15 -0.11 -0.09 -0.11 -0.00 
INFO: cmn.c(133): CMN:  9.73 -0.09 -0.06 -0.09 -0.16 -0.15 -0.15 -0.03 -0.14 -0.19 -0.10 -0.06 -0.02 
INFO: cmn.c(133): CMN: 10.55 -0.05 -0.10  0.03 -0.45 -0.16 -0.13 -0.06 -0.20 -0.13 -0.11 -0.12 -0.05 
INFO: cmn.c(133): CMN: 10.23 -0.48  0.03  0.32 -0.31 -0.15 -0.09 -0.11 -0.24 -0.11 -0.14 -0.11  0.01 
INFO: cmn.c(133): CMN: 10.22 -0.35 -0.23 -0.00 -0.10 -0.14 -0.14 -0.07 -0.11 -0.17 -0.13 -0.06  0.00 
INFO: cmn.c(133): CMN: 10.03 -0.22 -0.20 -0.05 -0.20 -0.14 -0.15 -0.04 -0.12 -0.16 -0.08 -0.07 -0.02 
INFO: cmn.c(133): CMN:  9.83 -0.78 -0.16 -0.05 -0.02 -0.22 -0.14 -0.02 -0.10 -0.13 -0.08 -0.09  0.02 
INFO: cmn.c(133): CMN:  9.37 -0.29  0.17  0.47 -0.37  0.05 -0.24 -0.06 -0.19 -0.09 -0.16 -0.02 -0.03 
INFO: cmn.c(133): CMN:  9.79 -0.24  0.15  0.27 -0.40 -0.01 -0.25 -0.09 -0.13 -0.08 -0.14 -0.03 -0.06 
INFO: cmn.c(133): CMN:  7.26 -0.18  0.21  0.27 -0.21  0.05 -0.16 -0.12 -0.18 -0.04 -0.16  0.03 -0.09 
INFO: cmn.c(133): CMN:  9.58 -0.17  0.17  0.16 -0.36 -0.03 -0.16 -0.08 -0.12 -0.05 -0.17 -0.05 -0.08 
INFO: cmn.c(133): CMN:  9.53 -0.28  0.00  0.11 -0.34 -0.07 -0.18 -0.06 -0.05 -0.08 -0.13 -0.05 -0.08 
INFO: cmn.c(133): CMN:  8.94  0.20 -0.05  0.04 -0.43  0.01 -0.15 -0.08 -0.01 -0.12 -0.10 -0.10 -0.09 
INFO: cmn.c(133): CMN:  8.77 -0.26  0.06  0.21 -0.41  0.02 -0.14 -0.07 -0.05 -0.15 -0.12 -0.08 -0.06 
INFO: cmn.c(133): CMN:  8.48  0.11  0.11  0.17 -0.39  0.09 -0.11 -0.11 -0.09 -0.08 -0.13 -0.06 -0.07 
INFO: cmn.c(133): CMN:  9.44 -0.12  0.30  0.28 -0.56  0.08 -0.18 -0.14 -0.10 -0.12 -0.16 -0.08 -0.06 
INFO: cmn.c(133): CMN:  9.55  0.18 -0.00  0.03 -0.45  0.03 -0.18 -0.12 -0.07 -0.09 -0.16 -0.08 -0.08 
INFO: cmn.c(133): CMN:  9.21  0.11  0.04  0.10 -0.39 -0.05 -0.24 -0.09 -0.07 -0.06 -0.18 -0.01 -0.08 
INFO: cmn.c(133): CMN:  9.77 -0.02 -0.05  0.14 -0.27 -0.04 -0.23 -0.07 -0.09 -0.10 -0.15 -0.02 -0.07 
INFO: cmn.c(133): CMN:  9.18 -0.53  0.19  0.07 -0.16 -0.04 -0.13 -0.07 -0.11 -0.10 -0.14 -0.03 -0.06 
INFO: cmn.c(133): CMN:  9.11  0.20 -0.24  0.19 -0.40 -0.11 -0.13 -0.15 -0.06 -0.08 -0.05 -0.08 -0.04 
INFO: cmn.c(133): CMN:  8.47  0.02 -0.17  0.18 -0.20 -0.13 -0.18 -0.15 -0.06 -0.18 -0.10 -0.14 -0.08 
INFO: cmn.c(133): CMN:  8.42  0.25 -0.09  0.17 -0.27 -0.10 -0.15 -0.14 -0.02 -0.06 -0.05 -0.06  0.03 
INFO: cmn.c(133): CMN:  7.97 -0.11  0.01  0.24 -0.14 -0.08 -0.15 -0.19 -0.04 -0.14 -0.05 -0.05 -0.02 
INFO: cmn.c(133): CMN:  7.92 -0.32 -0.18  0.15 -0.14 -0.11 -0.15 -0.15 -0.03 -0.15 -0.05 -0.03 -0.04 
INFO: cmn.c(133): CMN:  8.19 -0.01 -0.02  0.34 -0.27 -0.07 -0.09 -0.13 -0.07 -0.08  0.00 -0.10 -0.05 
INFO: cmn.c(133): CMN:  8.64  0.12 -0.16  0.26 -0.37 -0.09 -0.10 -0.16 -0.04 -0.08 -0.04 -0.10 -0.02 
INFO: cmn.c(133): CMN:  8.27  0.25 -0.21  0.28 -0.17 -0.05 -0.26 -0.16 -0.06 -0.13 -0.04 -0.13  0.02 
INFO: cmn.c(133): CMN:  8.03  0.02 -0.05  0.36 -0.39 -0.05 -0.07 -0.21 -0.11 -0.08 -0.07 -0.10 -0.05 
INFO: cmn.c(133): CMN:  8.29 -0.09  0.01  0.39 -0.32 -0.08 -0.08 -0.17 -0.10 -0.04 -0.04 -0.08 -0.01 
INFO: cmn.c(133): CMN:  8.61  0.37 -0.16  0.17 -0.31 -0.05 -0.10 -0.13 -0.00 -0.06 -0.08 -0.10  0.05 
INFO: cmn.c(133): CMN:  8.13  0.32 -0.13  0.18 -0.21 -0.04 -0.14 -0.15 -0.04 -0.11 -0.04 -0.10  0.01 
INFO: cmn.c(133): CMN:  8.39  0.16 -0.03  0.28 -0.27 -0.14 -0.10 -0.18 -0.10 -0.06 -0.03 -0.07 -0.00 
INFO: cmn.c(133): CMN:  7.43 -0.07 -0.06 -0.08 -0.13  0.02 -0.08 -0.09 -0.16 -0.12 -0.02 -0.05 -0.04 
INFO: cmn.c(133): CMN:  8.80 -0.02 -0.15  0.22 -0.04 -0.14 -0.20 -0.05 -0.19 -0.03 -0.11 -0.06  0.03 
INFO: cmn.c(133): CMN:  9.05 -0.12 -0.04  0.27 -0.23 -0.14 -0.17 -0.06 -0.29 -0.03 -0.14 -0.03  0.01 
INFO: cmn.c(133): CMN:  8.74  0.16 -0.07  0.23 -0.30 -0.03 -0.20 -0.04 -0.25 -0.06 -0.10 -0.03  0.02 
INFO: cmn.c(133): CMN:  8.65 -0.35 -0.04  0.13 -0.12 -0.12 -0.20 -0.02 -0.19 -0.07 -0.09 -0.03  0.01 
INFO: cmn.c(133): CMN:  9.03  0.10 -0.17  0.05 -0.14 -0.05 -0.18 -0.04 -0.25 -0.06 -0.08 -0.03  0.03 
INFO: cmn.c(133): CMN:  8.71  0.05 -0.17  0.10 -0.18 -0.14 -0.18  0.01 -0.23 -0.06 -0.07 -0.01 -0.03 
INFO: cmn.c(133): CMN:  9.01  0.14 -0.23  0.09 -0.17 -0.03 -0.30 -0.02 -0.19 -0.12 -0.06 -0.01 -0.03 
INFO: cmn.c(133): CMN:  8.68 -0.06 -0.11  0.34 -0.33 -0.07 -0.16 -0.06 -0.29  0.02 -0.08 -0.05  0.06 
INFO: cmn.c(133): CMN:  9.15 -0.11  0.03  0.40 -0.31 -0.13 -0.19 -0.05 -0.33  0.01 -0.08 -0.04  0.01 
INFO: cmn.c(133): CMN:  8.82  0.16 -0.12  0.16 -0.14 -0.12 -0.16 -0.03 -0.20 -0.09 -0.10 -0.04 -0.04 
INFO: cmn.c(133): CMN:  8.65 -0.12 -0.02  0.16 -0.06 -0.15 -0.21 -0.03 -0.19 -0.11 -0.09 -0.02 -0.01 
INFO: cmn.c(133): CMN:  8.31  0.06  0.01  0.17 -0.16 -0.15 -0.10 -0.08 -0.25  0.01 -0.12 -0.03 -0.01 
INFO: cmn.c(133): CMN:  8.73 -0.40 -0.27  0.07 -0.08 -0.16 -0.15 -0.09 -0.06 -0.11 -0.09 -0.06 -0.01 
INFO: cmn.c(133): CMN: 10.20  0.01 -0.22  0.20 -0.29 -0.13 -0.13 -0.15 -0.11 -0.12 -0.14 -0.15 -0.03 
INFO: cmn.c(133): CMN:  9.32 -0.03 -0.02  0.26 -0.31 -0.16 -0.13 -0.20 -0.11 -0.13 -0.11 -0.07 -0.02 
INFO: cmn.c(133): CMN:  9.02 -0.20 -0.16  0.10 -0.16 -0.15 -0.23 -0.05 -0.03 -0.16 -0.14 -0.05 -0.03 
INFO: cmn.c(133): CMN:  7.59 -0.47 -0.06  0.06 -0.18 -0.07 -0.12 -0.09 -0.08 -0.08 -0.05 -0.09 -0.03 
INFO: cmn.c(133): CMN:  8.82 -0.36  0.06  0.47 -0.39 -0.10 -0.02 -0.18 -0.14 -0.09 -0.13 -0.09  0.02 
INFO: cmn.c(133): CMN:  9.61  0.17 -0.23  0.20 -0.42 -0.12 -0.08 -0.20 -0.12 -0.14 -0.10 -0.11 -0.01 
INFO: cmn.c(133): CMN:  8.82 -0.30 -0.09  0.13 -0.18 -0.09 -0.15 -0.14 -0.08 -0.15 -0.12 -0.08 -0.00 
INFO: cmn.c(133): CMN:  9.01  0.13  0.02  0.40 -0.42 -0.16 -0.04 -0.25 -0.15 -0.15 -0.14 -0.12 -0.02 
INFO: cmn.c(133): CMN:  9.69  0.00 -0.03  0.32 -0.36 -0.19 -0.14 -0.22 -0.12 -0.17 -0.14 -0.11 -0.03 
INFO: cmn.c(133): CMN:  9.15  0.14 -0.16  0.08 -0.31 -0.09 -0.13 -0.13 -0.08 -0.10 -0.14 -0.11 -0.02 
INFO: cmn.c(133): CMN:  9.09 -0.07 -0.02  0.12 -0.22 -0.09 -0.16 -0.11 -0.07 -0.18 -0.08 -0.08  0.00 
INFO: cmn.c(133): CMN:  9.94  0.00 -0.31  0.16 -0.26 -0.14 -0.19 -0.11 -0.10 -0.13 -0.12 -0.16 -0.03 
INFO: cmn.c(133): CMN:  9.73 -0.02 -0.00  0.20 -0.39 -0.03 -0.18 -0.07 -0.22 -0.04 -0.20 -0.09 -0.13 
INFO: cmn.c(133): CMN:  8.16  0.12 -0.27 -0.06 -0.26  0.02 -0.07 -0.04 -0.10 -0.07 -0.12 -0.10 -0.09 
INFO: cmn.c(133): CMN:  8.05  0.15 -0.14 -0.11 -0.27  0.02 -0.10 -0.04 -0.13 -0.09 -0.14 -0.12 -0.05 
INFO: cmn.c(133): CMN:  9.62 -0.11  0.05  0.36 -0.29 -0.05 -0.19 -0.05 -0.24 -0.08 -0.21 -0.12 -0.12 
INFO: cmn.c(133): CMN:  8.93 -0.35  0.06 -0.03 -0.14 -0.05 -0.12 -0.06 -0.13 -0.10 -0.14 -0.11 -0.09 
INFO: cmn.c(133): CMN: 10.19 -0.06  0.05  0.28 -0.40 -0.02 -0.15 -0.06 -0.25 -0.03 -0.21 -0.16 -0.08 
INFO: cmn.c(133): CMN: 10.10  0.21 -0.03  0.26 -0.42 -0.07 -0.18 -0.01 -0.30 -0.06 -0.20 -0.16 -0.10 
INFO: cmn.c(133): CMN:  8.54 -0.03 -0.20  0.19 -0.14 -0.02 -0.19 -0.01 -0.12 -0.12 -0.14 -0.12 -0.10 
INFO: cmn.c(133): CMN: 10.41 -0.01 -0.04  0.24 -0.48 -0.02 -0.21 -0.02 -0.26 -0.03 -0.21 -0.12 -0.12 
INFO: cmn.c(133): CMN: 10.63 -0.10 -0.06  0.19 -0.43 -0.06 -0.19 -0.00 -0.26 -0.00 -0.24 -0.10 -0.13 
INFO: cmn.c(133): CMN:  9.63  0.08 -0.20  0.12 -0.29 -0.04 -0.20  0.00 -0.18 -0.11 -0.16 -0.15 -0.10 
INFO: cmn.c(133): CMN:  9.90  0.24 -0.24  0.02 -0.27 -0.01 -0.20 -0.02 -0.20 -0.10 -0.18 -0.15 -0.11 
INFO: cmn.c(133): CMN:  9.45 -0.02 -0.15  0.27 -0.17 -0.17 -0.13 -0.22 -0.10 -0.24 -0.13 -0.15 -0.13 
INFO: cmn.c(133): CMN:  9.39  0.32 -0.22  0.20 -0.23 -0.13 -0.07 -0.25 -0.09 -0.17 -0.14 -0.09 -0.22 
INFO: cmn.c(133): CMN:  8.86 -0.03 -0.09  0.29 -0.10 -0.17 -0.14 -0.18 -0.13 -0.19 -0.18 -0.09 -0.16 
INFO: cmn.c(133): CMN:  8.82  0.05 -0.18  0.16 -0.14 -0.11 -0.20 -0.22 -0.06 -0.15 -0.13 -0.13 -0.12 
INFO: cmn.c(133): CMN:  9.12  0.14 -0.32  0.09 -0.11 -0.12 -0.22 -0.21 -0.05 -0.17 -0.17 -0.12 -0.12 
INFO: cmn.c(133): CMN:  8.60  0.21 -0.19  0.26 -0.20 -0.17 -0.09 -0.21 -0.07 -0.23 -0.12 -0.13 -0.12 
INFO: cmn.c(133): CMN:  8.56  0.26 -0.22  0.09 -0.27 -0.11 -0.15 -0.14 -0.05 -0.19 -0.12 -0.03 -0.12 
INFO: cmn.c(133): CMN:  7.93  0.20 -0.00  0.06 -0.18 -0.11 -0.04 -0.26 -0.08 -0.09 -0.18 -0.18 -0.11 
INFO: cmn.c(133): CMN:  8.54  0.37 -0.16  0.35 -0.26 -0.20 -0.05 -0.20 -0.13 -0.25 -0.10 -0.10 -0.16 
INFO: cmn.c(133): CMN:  9.23  0.46 -0.19  0.24 -0.24 -0.14 -0.13 -0.20 -0.09 -0.22 -0.18 -0.07 -0.20 
INFO: cmn.c(133): CMN:  8.73 -0.09 -0.19  0.05 -0.19 -0.07 -0.18 -0.17 -0.09 -0.12 -0.08 -0.13 -0.08 
INFO: cmn.c(133): CMN:  8.60  0.17 -0.09  0.17 -0.16 -0.13 -0.10 -0.21 -0.12 -0.13 -0.14 -0.15 -0.18 
INFO: cmn.c(133): CMN:  9.22 -0.00 -0.15  0.06 -0.22 -0.13 -0.13 -0.12 -0.12 -0.12 -0.15 -0.15 -0.11 
INFO: cmn.c(133): CMN:  9.53 -0.22 -0.21  0.09 -0.22 -0.19 -0.17 -0.23 -0.06 -0.13 -0.07 -0.19 -0.13 
INFO: cmn.c(133): CMN:  8.95 -0.13 -0.11  0.38 -0.14 -0.18 -0.14 -0.24 -0.11 -0.27 -0.09 -0.17 -0.16 
INFO: cmn.c(133): CMN:  8.73 -0.37 -0.15  0.22 -0.19 -0.15 -0.21 -0.17 -0.07 -0.14 -0.13 -0.17 -0.11 
INFO: cmn.c(133): CMN:  8.82  0.06 -0.23  0.23 -0.22 -0.14 -0.17 -0.23 -0.07 -0.16 -0.09 -0.17 -0.13 
INFO: cmn.c(133): CMN:  7.34 -0.11 -0.27  0.31 -0.17 -0.09 -0.15 -0.18 -0.06 -0.13 -0.11 -0.16 -0.13 
INFO: cmn.c(133): CMN:  9.58  0.07 -0.25  0.72 -0.34 -0.13 -0.16 -0.23 -0.10 -0.26 -0.13 -0.16 -0.24 
INFO: cmn.c(133): CMN:  9.14  0.35 -0.30  0.46 -0.32 -0.10 -0.20 -0.20 -0.07 -0.26 -0.10 -0.13 -0.17 
INFO: cmn.c(133): CMN:  9.29  0.08 -0.44  0.32 -0.18 -0.20 -0.17 -0.24 -0.08 -0.20 -0.18 -0.13 -0.15 
INFO: cmn.c(133): CMN:  9.56  0.09 -0.24  0.45 -0.25 -0.18 -0.16 -0.25 -0.07 -0.24 -0.10 -0.15 -0.15 
INFO: cmn.c(133): CMN:  8.21 -0.43 -0.26  0.51 -0.21 -0.20 -0.11 -0.17 -0.10 -0.18 -0.15 -0.11 -0.16 
INFO: cmn.c(133): CMN:  8.94  0.25 -0.27  0.15 -0.35 -0.16 -0.07 -0.21 -0.13 -0.11 -0.08 -0.16 -0.16 
INFO: cmn.c(133): CMN:  8.91  0.03 -0.21  0.18 -0.30 -0.14 -0.14 -0.22 -0.07 -0.23 -0.10 -0.14 -0.16 
INFO: cmn.c(133): CMN:  8.92 -0.08 -0.16  0.28 -0.24 -0.19 -0.12 -0.20 -0.09 -0.18 -0.12 -0.16 -0.12 
INFO: cmn.c(133): CMN:  9.37 -0.19 -0.33  0.15 -0.32 -0.02 -0.25 -0.11 -0.03 -0.19 -0.13 -0.09 -0.11 
INFO: cmn.c(133): CMN:  9.07 -0.24 -0.05  0.23 -0.30 -0.03 -0.10 -0.09 -0.13 -0.17 -0.14 -0.13 -0.10 
INFO: cmn.c(133): CMN:  9.67 -0.10 -0.41  0.31 -0.32 -0.10 -0.20 -0.08 -0.09 -0.15 -0.14 -0.10 -0.09 
INFO: cmn.c(133): CMN:  9.30  0.03 -0.21  0.30 -0.43 -0.08 -0.09 -0.14 -0.14 -0.15 -0.14 -0.13 -0.14 
INFO: cmn.c(133): CMN:  9.28  0.18 -0.34  0.18 -0.36  0.01 -0.26 -0.12 -0.10 -0.20 -0.12 -0.14 -0.07 
INFO: cmn.c(133): CMN:  9.43  0.00 -0.29  0.41 -0.39 -0.08 -0.11 -0.09 -0.21 -0.18 -0.10 -0.11 -0.19 
INFO: cmn.c(133): CMN: 10.08  0.27 -0.56  0.31 -0.35 -0.14 -0.16 -0.14 -0.14 -0.15 -0.09 -0.05 -0.14 
INFO: cmn.c(133): CMN:  9.26  0.28 -0.19  0.14 -0.41  0.00 -0.20 -0.16 -0.15 -0.19 -0.10 -0.07 -0.15 
INFO: cmn.c(133): CMN:  9.63  0.23 -0.35  0.40 -0.45 -0.18 -0.19 -0.12 -0.16 -0.22 -0.08 -0.08 -0.13 
INFO: cmn.c(133): CMN: 10.18  0.27 -0.38  0.44 -0.42 -0.11 -0.13 -0.20 -0.17 -0.19 -0.12 -0.15 -0.11 
INFO: cmn.c(133): CMN:  9.70  0.03 -0.45  0.14 -0.32 -0.02 -0.23 -0.15 -0.06 -0.17 -0.10 -0.12 -0.13 
INFO: cmn.c(133): CMN: 10.02 -0.01 -0.40  0.04 -0.39 -0.02 -0.21 -0.17 -0.07 -0.18 -0.08 -0.14 -0.12 
INFO: cmn.c(133): CMN:  9.94 -0.41 -0.21  0.12 -0.20 -0.05 -0.22 -0.12 -0.11 -0.17 -0.08 -0.12 -0.08 
INFO: cmn.c(133): CMN:  8.27 -0.00 -0.26 -0.02 -0.36 -0.04 -0.07 -0.11 -0.17 -0.08 -0.03 -0.12 -0.07 
INFO: cmn.c(133): CMN:  7.67  0.00 -0.22  0.51 -0.16 -0.01 -0.17 -0.17 -0.06 -0.17 -0.12 -0.10 -0.09 
INFO: cmn.c(133): CMN:  9.38  0.26 -0.39  0.37 -0.33 -0.05 -0.23 -0.24 -0.08 -0.22 -0.09 -0.13 -0.11 
INFO: cmn.c(133): CMN:  8.11  0.12 -0.34  0.04 -0.30 -0.03 -0.18 -0.21 -0.08 -0.10 -0.02 -0.10 -0.05 
INFO: cmn.c(133): CMN:  9.70  0.36 -0.37  0.43 -0.40 -0.15 -0.16 -0.21 -0.08 -0.19 -0.05 -0.13 -0.10 
INFO: cmn.c(133): CMN:  9.29  0.49 -0.40  0.47 -0.38 -0.18 -0.18 -0.24 -0.09 -0.17 -0.13 -0.13 -0.11 
INFO: cmn.c(133): CMN:  9.30  0.17 -0.39  0.38 -0.36 -0.16 -0.19 -0.19 -0.07 -0.18 -0.13 -0.10 -0.10 
INFO: cmn.c(133): CMN:  9.23 -0.28 -0.30  0.37 -0.17 -0.14 -0.21 -0.17 -0.08 -0.19 -0.17 -0.09 -0.11 
INFO: cmn.c(133): CMN:  9.93  0.31 -0.39  0.70 -0.48 -0.17 -0.15 -0.24 -0.04 -0.26 -0.13 -0.12 -0.12 
INFO: cmn.c(133): CMN:  9.42  0.32 -0.40  0.74 -0.40 -0.19 -0.16 -0.23 -0.09 -0.26 -0.15 -0.09 -0.15 
INFO: cmn.c(133): CMN:  9.28  0.45 -0.44  0.29 -0.31 -0.14 -0.15 -0.22 -0.13 -0.22 -0.08 -0.09 -0.10 
INFO: cmn.c(133): CMN:  9.75  0.29 -0.38  0.23 -0.43 -0.15 -0.16 -0.20 -0.14 -0.14 -0.14 -0.11 -0.08 
INFO: cmn.c(133): CMN:  8.25 -0.27 -0.20  0.03 -0.18 -0.02 -0.17 -0.18 -0.11 -0.12 -0.07 -0.06 -0.10 
INFO: cmn.c(133): CMN:  8.10  0.02 -0.27  0.35 -0.04 -0.10 -0.23 -0.15 -0.11 -0.17 -0.21 -0.11 -0.12 
INFO: cmn.c(133): CMN:  8.78  0.25 -0.19  0.17 -0.20 -0.13 -0.21 -0.09 -0.16 -0.16 -0.06 -0.16 -0.14 
INFO: cmn.c(133): CMN:  8.68 -0.22 -0.16  0.11 -0.11 -0.01 -0.35 -0.15 -0.09 -0.12 -0.14 -0.15 -0.07 
INFO: cmn.c(133): CMN:  7.29  0.30 -0.19  0.00 -0.24 -0.09 -0.08 -0.20 -0.09 -0.09 -0.04 -0.11 -0.11 
INFO: cmn.c(133): CMN:  8.42  0.38 -0.13  0.33 -0.28 -0.11 -0.27 -0.09 -0.22 -0.15 -0.07 -0.17 -0.14 
INFO: cmn.c(133): CMN:  8.77 -0.01 -0.22  0.07 -0.23 -0.07 -0.34 -0.05 -0.14 -0.13 -0.06 -0.12 -0.12 
INFO: cmn.c(133): CMN:  9.24  0.36 -0.34  0.08 -0.19 -0.15 -0.30 -0.08 -0.18 -0.06 -0.09 -0.22 -0.16 
INFO: cmn.c(133): CMN:  9.05  0.27 -0.20  0.40 -0.24 -0.27 -0.20 -0.09 -0.26 -0.19 -0.09 -0.14 -0.13 
INFO: cmn.c(133): CMN:  9.29 -0.01 -0.23  0.50 -0.25 -0.19 -0.25 -0.08 -0.23 -0.20 -0.09 -0.19 -0.11 
INFO: cmn.c(133): CMN:  8.75  0.08 -0.28  0.16 -0.13 -0.07 -0.25 -0.14 -0.15 -0.13 -0.13 -0.19 -0.12 
INFO: cmn.c(133): CMN:  8.87 -0.12 -0.17  0.10 -0.17 -0.05 -0.26 -0.12 -0.13 -0.10 -0.10 -0.16 -0.12 
INFO: cmn.c(133): CMN:  8.50 -0.09 -0.09  0.19 -0.16 -0.09 -0.26 -0.07 -0.19 -0.14 -0.13 -0.16 -0.11 
INFO: cmn.c(133): CMN:  7.28 -0.29 -0.17 -0.08 -0.20  0.11 -0.25 -0.11 -0.06 -0.06 -0.08 -0.06 -0.04 
INFO: cmn.c(133): CMN:  8.98 -0.36 -0.13  0.44 -0.44 -0.04 -0.15 -0.19 -0.07 -0.16 -0.04 -0.17 -0.07 
INFO: cmn.c(133): CMN:  9.02  0.21 -0.30  0.24 -0.46 -0.00 -0.15 -0.21 -0.05 -0.09 -0.09 -0.11 -0.09 
INFO: cmn.c(133): CMN:  6.75  0.20 -0.22  0.06 -0.36  0.03 -0.08 -0.16 -0.08 -0.14 -0.04 -0.14 -0.01 
INFO: cmn.c(133): CMN:  6.81 -0.65 -0.12 -0.01 -0.18 -0.08 -0.12 -0.09 -0.04 -0.11 -0.07 -0.05 -0.02 
INFO: cmn.c(133): CMN:  8.76  0.03 -0.13  0.33 -0.49 -0.11 -0.05 -0.20 -0.06 -0.17 -0.09 -0.16 -0.06 
INFO: cmn.c(133): CMN:  9.01 -0.20 -0.15  0.36 -0.45 -0.13 -0.02 -0.21 -0.09 -0.19 -0.00 -0.16 -0.08 
INFO: cmn.c(133): CMN:  8.33  0.12 -0.13  0.36 -0.31 -0.07 -0.24 -0.20 -0.06 -0.20 -0.11 -0.17 -0.05 
INFO: cmn.c(133): CMN:  9.53 -0.04 -0.08  0.53 -0.52 -0.05 -0.13 -0.20 -0.11 -0.16 -0.08 -0.19 -0.03 
INFO: cmn.c(133): CMN:  9.12  0.20 -0.02  0.46 -0.54 -0.03 -0.12 -0.14 -0.16 -0.20 -0.05 -0.18 -0.08 
INFO: cmn.c(133): CMN:  8.95  0.27 -0.25  0.07 -0.55  0.03 -0.21 -0.16 -0.12 -0.12 -0.10 -0.13 -0.06 
INFO: cmn.c(133): CMN:  8.51 -0.15 -0.22  0.17 -0.31 -0.03 -0.21 -0.13 -0.07 -0.12 -0.11 -0.13 -0.06 
INFO: cmn.c(133): CMN:  7.88 -0.32 -0.03  0.27 -0.30 -0.09 -0.18 -0.12 -0.11 -0.15 -0.10 -0.10 -0.06 
INFO: cmn.c(133): CMN:  9.04  0.45 -0.26  0.04 -0.29 -0.28  0.01 -0.19 -0.07 -0.06 -0.16 -0.11 -0.19 
INFO: cmn.c(133): CMN:  9.11  0.28 -0.38  0.06 -0.16 -0.17 -0.11 -0.20 -0.01 -0.15 -0.18 -0.08 -0.09 
INFO: cmn.c(133): CMN:  8.25  0.09 -0.24 -0.07 -0.35 -0.05 -0.09 -0.11 -0.10 -0.05 -0.13 -0.06 -0.11 
INFO: cmn.c(133): CMN:  9.78  0.20 -0.27  0.18 -0.17 -0.23 -0.11 -0.19 -0.12 -0.13 -0.12 -0.11 -0.13 
INFO: cmn.c(133): CMN:  8.82 -0.30 -0.19  0.08 -0.23 -0.01 -0.19 -0.21 -0.00 -0.12 -0.12 -0.11 -0.10 
INFO: cmn.c(133): CMN:  9.38  0.59 -0.33  0.06 -0.39 -0.19 -0.08 -0.13 -0.06 -0.18 -0.11 -0.12 -0.10 
INFO: cmn.c(133): CMN:  8.10  0.55 -0.22 -0.13 -0.30 -0.12 -0.08 -0.17  0.00 -0.16 -0.11 -0.08 -0.09 
INFO: cmn.c(133): CMN: 10.83 -0.17 -0.39  0.10 -0.35 -0.14 -0.16 -0.24 -0.04 -0.14 -0.15 -0.15 -0.13 
INFO: cmn.c(133): CMN:  9.91 -0.05 -0.26  0.33 -0.28 -0.21 -0.12 -0.11 -0.14 -0.16 -0.08 -0.15 -0.14 
INFO: cmn.c(133): CMN:  9.96  0.06 -0.28  0.41 -0.28 -0.17 -0.05 -0.12 -0.16 -0.19 -0.10 -0.17 -0.17 
INFO: cmn.c(133): CMN: 10.43  0.08 -0.30  0.09 -0.38 -0.08 -0.14 -0.27 -0.10 -0.18 -0.11 -0.11 -0.13 
INFO: cmn.c(133): CMN: 10.04  0.05 -0.34  0.23 -0.23 -0.12 -0.16 -0.23 -0.07 -0.18 -0.18 -0.11 -0.13 
INFO: cmn.c(133): CMN: 10.12  0.36 -0.31  0.21 -0.27 -0.23 -0.12 -0.21 -0.09 -0.17 -0.16 -0.11 -0.12 
INFO: cmn.c(133): CMN:  8.11 -0.03 -0.21 -0.10 -0.21  0.02 -0.21 -0.10 -0.10 -0.10 -0.15 -0.10 -0.16 
INFO: cmn.c(133): CMN:  7.85 -0.01 -0.15 -0.07 -0.26 -0.04 -0.15 -0.10 -0.08 -0.11 -0.14 -0.09 -0.15 
INFO: cmn.c(133): CMN:  8.20  0.09 -0.08 -0.07 -0.21 -0.10 -0.17 -0.07 -0.19 -0.12 -0.14 -0.11 -0.12 
INFO: cmn.c(133): CMN:  8.32  0.02 -0.01  0.16 -0.03 -0.09 -0.15 -0.09 -0.08 -0.18 -0.21 -0.17 -0.16 
INFO: cmn.c(133): CMN:  8.38  0.11 -0.15 -0.07 -0.24 -0.07 -0.11 -0.03 -0.17 -0.04 -0.12 -0.14 -0.13 
INFO: cmn.c(133): CMN:  9.38  0.17 -0.08 -0.01 -0.10 -0.16 -0.27  0.03 -0.15 -0.12 -0.17 -0.09 -0.16 
INFO: cmn.c(133): CMN:  9.93  0.02 -0.03  0.05 -0.08 -0.16 -0.35 -0.03 -0.18 -0.15 -0.17 -0.12 -0.12 
INFO: cmn.c(133): CMN:  9.64  0.05  0.04  0.14 -0.17 -0.01 -0.24 -0.25 -0.11 -0.14 -0.15 -0.24 -0.16 
INFO: cmn.c(133): CMN:  9.67  0.31  0.04  0.20 -0.09 -0.21 -0.28 -0.02 -0.26 -0.15 -0.12 -0.20 -0.16 
INFO: cmn.c(133): CMN:  9.24 -0.24 -0.00  0.42 -0.05 -0.24 -0.18  0.01 -0.16 -0.20 -0.21 -0.18 -0.15 
INFO: cmn.c(133): CMN:  9.38  0.35 -0.02 -0.05 -0.18 -0.14 -0.23 -0.09 -0.19 -0.11 -0.12 -0.18 -0.21 
INFO: cmn.c(133): CMN:  9.34  0.32 -0.05  0.05 -0.14 -0.04 -0.32 -0.10 -0.14 -0.18 -0.13 -0.18 -0.17 
INFO: cmn.c(133): CMN:  9.00  0.14 -0.02  0.06 -0.19 -0.09 -0.30 -0.07 -0.13 -0.18 -0.16 -0.16 -0.17 
INFO: cmn.c(133): CMN:  7.69 -0.26 -0.26  0.33 -0.18 -0.05 -0.26 -0.13 -0.05 -0.24 -0.15 -0.11 -0.09 
INFO: cmn.c(133): CMN:  9.12  0.03 -0.29  0.66 -0.21 -0.14 -0.15 -0.28 -0.01 -0.43 -0.02 -0.19 -0.15 
INFO: cmn.c(133): CMN:  6.80 -0.17 -0.11  0.43 -0.18 -0.00 -0.15 -0.18 -0.02 -0.26 -0.12 -0.09 -0.12 
INFO: cmn.c(133): CMN:  9.34  0.25 -0.40  0.08 -0.54 -0.01 -0.28 -0.24  0.01 -0.29  0.05 -0.14 -0.04 
INFO: cmn.c(133): CMN:  9.39 -0.03 -0.32  0.50 -0.26 -0.08 -0.27 -0.19 -0.08 -0.32  0.01 -0.21 -0.12 
INFO: cmn.c(133): CMN:  8.49 -0.19  0.01  0.48 -0.25 -0.13 -0.15 -0.22 -0.03 -0.36 -0.05 -0.21 -0.12 
INFO: cmn.c(133): CMN:  9.69 -0.10 -0.19  0.80 -0.31 -0.19 -0.12 -0.27 -0.00 -0.49 -0.02 -0.23 -0.18 
INFO: cmn.c(133): CMN: 10.17 -0.35 -0.26  0.29 -0.25 -0.11 -0.20 -0.17 -0.01 -0.27 -0.12 -0.15 -0.12 
INFO: cmn.c(133): CMN:  9.88  0.46 -0.37  0.41 -0.39 -0.06 -0.28 -0.27 -0.05 -0.41 -0.06 -0.21 -0.12 
INFO: cmn.c(133): CMN:  9.81 -0.24 -0.24  0.63 -0.34 -0.15 -0.19 -0.25 -0.03 -0.39 -0.06 -0.17 -0.11 
INFO: cmn.c(133): CMN:  9.43  0.10 -0.30  0.22 -0.39 -0.03 -0.20 -0.24 -0.11 -0.27 -0.00 -0.19 -0.11 
INFO: cmn.c(133): CMN:  9.62 -0.05 -0.26  0.36 -0.26 -0.12 -0.19 -0.25 -0.03 -0.34 -0.07 -0.15 -0.16 
INFO: cmn.c(133): CMN:  8.50 -0.26 -0.18  0.27 -0.28 -0.09 -0.20 -0.11 -0.10 -0.23 -0.07 -0.15 -0.06 
INFO: cmn.c(133): CMN:  9.00 -0.06 -0.39  0.16 -0.26 -0.16 -0.18 -0.19 -0.12 -0.03 -0.15 -0.08 -0.16 
INFO: cmn.c(133): CMN:  9.18  0.02 -0.35  0.36 -0.33 -0.05 -0.17 -0.20 -0.15 -0.08 -0.15 -0.12 -0.14 
INFO: cmn.c(133): CMN:  9.24  0.08 -0.36  0.21 -0.34 -0.10 -0.21 -0.20 -0.14 -0.06 -0.14 -0.10 -0.12 
INFO: cmn.c(133): CMN:  9.65  0.60 -0.42  0.29 -0.62 -0.12 -0.08 -0.32 -0.14 -0.06 -0.19 -0.10 -0.17 
INFO: cmn.c(133): CMN:  9.42  0.26 -0.44  0.44 -0.48 -0.09 -0.15 -0.21 -0.18 -0.16 -0.16 -0.11 -0.15 
INFO: cmn.c(133): CMN:  9.36  0.28 -0.17  0.04 -0.39 -0.06 -0.14 -0.21 -0.10 -0.08 -0.12 -0.13 -0.15 
INFO: cmn.c(133): CMN:  9.92  0.42 -0.30  0.43 -0.42 -0.07 -0.25 -0.22 -0.15 -0.14 -0.17 -0.15 -0.13 
INFO: cmn.c(133): CMN:  9.63  0.12 -0.24  0.25 -0.28 -0.09 -0.12 -0.19 -0.10 -0.19 -0.16 -0.12 -0.17 
INFO: cmn.c(133): CMN: 10.25  0.06 -0.31  0.48 -0.34 -0.07 -0.19 -0.22 -0.16 -0.20 -0.16 -0.16 -0.14 
INFO: cmn.c(133): CMN: 10.32 -0.06 -0.30  0.40 -0.29 -0.07 -0.20 -0.19 -0.11 -0.14 -0.19 -0.13 -0.18 
INFO: cmn.c(133): CMN:  8.38  0.25 -0.23  0.07 -0.39 -0.03 -0.10 -0.20 -0.13 -0.05 -0.10 -0.13 -0.14 
INFO: cmn.c(133): CMN:  8.65  0.11 -0.31  0.25 -0.28 -0.09 -0.19 -0.20 -0.11 -0.13 -0.15 -0.14 -0.14 
INFO: cmn.c(133): CMN:  8.60  0.08 -0.33  0.13 -0.23  0.00 -0.18 -0.23 -0.08 -0.09 -0.14 -0.12 -0.14 
INFO: cmn.c(133): CMN:  8.83  0.05  0.03  0.07 -0.17 -0.05 -0.14 -0.17 -0.20 -0.14 -0.09 -0.15 -0.09 
INFO: cmn.c(133): CMN:  8.62  0.06 -0.09  0.20 -0.16 -0.03 -0.20 -0.12 -0.16 -0.18 -0.08 -0.16 -0.08 
INFO: cmn.c(133): CMN:  9.02  0.04 -0.02  0.18 -0.09 -0.18 -0.21 -0.08 -0.21 -0.15 -0.09 -0.16 -0.06 
INFO: cmn.c(133): CMN: 10.38 -0.47  0.04  0.09 -0.14 -0.10 -0.26 -0.12 -0.18 -0.09 -0.10 -0.17 -0.05 
INFO: cmn.c(133): CMN:  8.93  0.12 -0.03  0.07 -0.09 -0.09 -0.18 -0.11 -0.13 -0.15 -0.08 -0.16 -0.08 
INFO: cmn.c(133): CMN:  9.55  0.05 -0.08 -0.08 -0.25 -0.13 -0.20 -0.20 -0.03 -0.23 -0.10 -0.04 -0.06 
INFO: cmn.c(133): CMN:  6.57 -0.14  0.12  0.34 -0.06 -0.12 -0.13 -0.04 -0.13 -0.12 -0.13 -0.06 -0.12 
INFO: cmn.c(133): CMN:  7.96 -0.18 -0.10  0.04 -0.13 -0.05 -0.18 -0.06 -0.10 -0.07 -0.04 -0.17 -0.03 
INFO: cmn.c(133): CMN:  5.05 -0.18  0.05  0.16 -0.05 -0.05 -0.08 -0.05 -0.09 -0.11 -0.04 -0.04 -0.02 
INFO: cmn.c(133): CMN:  9.93 -0.06  0.01  0.28 -0.07 -0.19 -0.17 -0.12 -0.14 -0.19 -0.15 -0.10 -0.13 
INFO: cmn.c(133): CMN:  9.45 -0.13  0.09 -0.01 -0.23 -0.04 -0.17 -0.14 -0.20 -0.15 -0.04 -0.15 -0.10 
INFO: cmn.c(133): CMN:  9.76  0.22  0.07 -0.06 -0.25 -0.04 -0.20 -0.20 -0.16 -0.10 -0.08 -0.17 -0.10 
INFO: cmn.c(133): CMN:  9.24  0.08 -0.01  0.04 -0.08 -0.10 -0.15 -0.17 -0.15 -0.13 -0.07 -0.16 -0.07 
INFO: cmn.c(133): CMN:  9.35  0.01 -0.33  0.11 -0.27  0.06 -0.28 -0.17 -0.11 -0.10 -0.19 -0.08 -0.06 
INFO: cmn.c(133): CMN: 10.07 -0.39 -0.19  0.68 -0.31 -0.07 -0.27 -0.06 -0.19 -0.21 -0.19 -0.16 -0.12 
INFO: cmn.c(133): CMN:  9.38  0.23 -0.39  0.17 -0.30  0.08 -0.21 -0.20 -0.05 -0.12 -0.22 -0.13 -0.06 
INFO: cmn.c(133): CMN:  9.81 -0.52 -0.06  0.66 -0.29  0.00 -0.24 -0.02 -0.18 -0.23 -0.11 -0.16 -0.11 
INFO: cmn.c(133): CMN:  9.39 -0.04 -0.23  0.35 -0.20  0.05 -0.25 -0.14 -0.08 -0.19 -0.21 -0.16 -0.07 
INFO: cmn.c(133): CMN: 10.04  0.11 -0.28  0.29 -0.27 -0.07 -0.31 -0.12 -0.21 -0.14 -0.16 -0.06 -0.06 
INFO: cmn.c(133): CMN:  9.47 -0.12 -0.19  0.44 -0.31 -0.02 -0.26 -0.11 -0.17 -0.13 -0.15 -0.12 -0.08 
INFO: cmn.c(133): CMN:  8.83 -0.32 -0.14  0.06 -0.27  0.05 -0.23 -0.13 -0.10 -0.11 -0.11 -0.10 -0.02 
INFO: cmn.c(133): CMN: 10.10 -0.16 -0.14  0.34 -0.33 -0.01 -0.30 -0.10 -0.16 -0.14 -0.16 -0.09 -0.05 
INFO: cmn.c(133): CMN:  9.88 -0.29 -0.17  0.41 -0.27 -0.10 -0.30 -0.06 -0.17 -0.12 -0.20 -0.07 -0.11 
INFO: cmn.c(133): CMN:  9.32  0.46 -0.28  0.06 -0.35 -0.01 -0.25 -0.15 -0.18 -0.14 -0.11 -0.08 -0.04 
INFO: cmn.c(133): CMN:  9.15 -0.05 -0.15  0.16 -0.25 -0.02 -0.28 -0.15 -0.09 -0.20 -0.14 -0.11 -0.02 
INFO: cmn.c(133): CMN:  9.49 -0.16 -0.18  0.34 -0.20 -0.05 -0.29 -0.11 -0.18 -0.14 -0.20 -0.14 -0.03 
INFO: cmn.c(133): CMN:  8.48 -0.72 -0.06  0.05 -0.15 -0.03 -0.22 -0.12 -0.08 -0.06 -0.12 -0.07 -0.10 
INFO: cmn.c(133): CMN:  8.77 -0.37 -0.17  0.24 -0.10 -0.17 -0.15 -0.11 -0.12 -0.13 -0.11 -0.10 -0.14 
INFO: cmn.c(133): CMN:  8.17 -0.32 -0.23 -0.01 -0.12 -0.06 -0.20 -0.14 -0.06 -0.06 -0.09 -0.09 -0.07 
INFO: cmn.c(133): CMN:  7.67 -0.22 -0.21  0.29 -0.13 -0.08 -0.13 -0.09 -0.08 -0.12 -0.11 -0.09 -0.12 
INFO: cmn.c(133): CMN:  8.24  0.25 -0.14  0.05 -0.25 -0.10 -0.07 -0.20 -0.09 -0.12 -0.16 -0.10 -0.16 
INFO: cmn.c(133): CMN:  8.48 -0.07 -0.03  0.14 -0.10 -0.17 -0.11 -0.13 -0.14 -0.11 -0.15 -0.07 -0.19 
INFO: cmn.c(133): CMN:  8.44 -0.06  0.05  0.27 -0.02 -0.28 -0.17 -0.02 -0.24  0.00 -0.22 -0.06 -0.19 
INFO: cmn.c(133): CMN:  8.80 -0.28 -0.13  0.22 -0.09 -0.13 -0.17 -0.08 -0.13 -0.13 -0.15 -0.12 -0.16 
INFO: cmn.c(133): CMN:  8.78 -0.00 -0.03  0.48 -0.05 -0.13 -0.11 -0.15 -0.15 -0.17 -0.19 -0.09 -0.26 
INFO: cmn.c(133): CMN:  8.61 -0.34  0.04  0.29 -0.10 -0.14 -0.15 -0.09 -0.19 -0.07 -0.17 -0.09 -0.17 
INFO: cmn.c(133): CMN:  8.52  0.12 -0.10  0.16 -0.12 -0.11 -0.14 -0.16 -0.09 -0.12 -0.10 -0.15 -0.16 
INFO: cmn.c(133): CMN:  8.51 -0.20 -0.17  0.19 -0.12 -0.14 -0.17 -0.10 -0.12 -0.13 -0.10 -0.11 -0.12 
INFO: cmn.c(133): CMN:  8.40 -0.11 -0.18  0.17 -0.13 -0.16 -0.14 -0.07 -0.12 -0.11 -0.08 -0.12 -0.13 
INFO: cmn.c(133): CMN:  9.70  0.26 -0.26  0.22 -0.17 -0.22 -0.20 -0.22 -0.17 -0.10 -0.20 -0.12 -0.14 
INFO: cmn.c(133): CMN:  9.48  0.28 -0.13  0.38 -0.14 -0.23 -0.09 -0.16 -0.21 -0.09 -0.19 -0.15 -0.20 
INFO: cmn.c(133): CMN:  9.70  0.05 -0.02  0.52 -0.11 -0.31 -0.16 -0.13 -0.26 -0.15 -0.24 -0.14 -0.17 
INFO: cmn.c(133): CMN:  8.83  0.29 -0.31  0.27 -0.10 -0.19 -0.24 -0.20 -0.10 -0.14 -0.19 -0.10 -0.12 
INFO: cmn.c(133): CMN:  9.41  0.33 -0.33  0.10 -0.18 -0.17 -0.16 -0.21 -0.16 -0.04 -0.17 -0.10 -0.16 
INFO: cmn.c(133): CMN:  9.55  0.38 -0.11  0.29 -0.23 -0.23 -0.17 -0.15 -0.26 -0.15 -0.18 -0.10 -0.12 
INFO: cmn.c(133): CMN:  8.76  0.18 -0.06  0.28 -0.17 -0.14 -0.12 -0.16 -0.20 -0.12 -0.13 -0.10 -0.17 
INFO: cmn.c(133): CMN:  9.05  0.25 -0.21  0.27 -0.13 -0.10 -0.14 -0.17 -0.15 -0.19 -0.18 -0.12 -0.14 
INFO: cmn.c(133): CMN:  9.59  0.23 -0.24  0.38 -0.17 -0.26 -0.13 -0.19 -0.15 -0.15 -0.18 -0.08 -0.16 
INFO: cmn.c(133): CMN:  9.78  0.12 -0.18  0.42 -0.16 -0.23 -0.14 -0.17 -0.20 -0.10 -0.18 -0.09 -0.19 
INFO: cmn.c(133): CMN:  9.39  0.42 -0.18  0.12 -0.22 -0.16 -0.12 -0.16 -0.15 -0.12 -0.19 -0.08 -0.17 
INFO: cmn.c(133): CMN:  9.21  0.14 -0.21  0.17 -0.15 -0.10 -0.25 -0.23 -0.11 -0.17 -0.16 -0.14 -0.14 
INFO: cmn.c(133): CMN:  8.74 -0.30 -0.08  0.09 -0.10 -0.16 -0.18 -0.11 -0.13 -0.08 -0.19 -0.10 -0.10 
INFO: cmn.c(133): CMN:  8.79  0.15 -0.39  0.40 -0.22 -0.09 -0.36 -0.07 -0.15 -0.17 -0.10 -0.16 -0.13 
INFO: cmn.c(133): CMN:  5.95  0.07 -0.14  0.13 -0.17 -0.00 -0.18  0.00 -0.15 -0.02 -0.06 -0.14 -0.07 
INFO: cmn.c(133): CMN:  7.84 -0.26 -0.27  0.70 -0.25 -0.02 -0.22 -0.02 -0.06 -0.28 -0.06 -0.14 -0.12 
INFO: cmn.c(133): CMN:  5.21 -0.01 -0.18  0.29 -0.08 -0.02 -0.13 -0.05 -0.07 -0.15 -0.09 -0.07 -0.10 
INFO: cmn.c(133): CMN:  6.39  0.15 -0.23  0.09 -0.25 -0.01 -0.15 -0.01 -0.20  0.04 -0.08 -0.12 -0.07 
INFO: cmn.c(133): CMN:  8.58  0.08 -0.30  0.60 -0.38 -0.09 -0.25 -0.05 -0.21 -0.16 -0.12 -0.12 -0.15 
INFO: cmn.c(133): CMN:  8.55 -0.17 -0.19  0.35 -0.35  0.02 -0.33  0.02 -0.21 -0.10 -0.13 -0.09 -0.15 
INFO: cmn.c(133): CMN:  7.97 -0.45 -0.10  0.26 -0.18  0.04 -0.31 -0.05 -0.14 -0.11 -0.15 -0.09 -0.10 
INFO: cmn.c(133): CMN:  8.62 -0.29 -0.15  0.60 -0.22 -0.06 -0.35 -0.04 -0.15 -0.12 -0.10 -0.14 -0.16 
INFO: cmn.c(133): CMN:  8.59 -0.25 -0.27  0.65 -0.33 -0.05 -0.26 -0.09 -0.15 -0.19 -0.09 -0.13 -0.14 
INFO: cmn.c(133): CMN:  8.32  0.15 -0.27  0.20 -0.35  0.05 -0.30 -0.07 -0.22 -0.07 -0.09 -0.11 -0.18 
INFO: cmn.c(133): CMN:  8.93  0.15 -0.44  0.37 -0.37  0.04 -0.39 -0.07 -0.19 -0.22 -0.10 -0.15 -0.12 
INFO: cmn.c(133): CMN:  8.27 -0.19 -0.27  0.10 -0.24  0.01 -0.35 -0.03 -0.19 -0.13 -0.08 -0.11 -0.08 
INFO: cmn.c(133): CMN:  7.36  0.03 -0.20  0.09 -0.07  0.01 -0.06 -0.12 -0.13 -0.11 -0.14 -0.13 -0.07 
INFO: cmn.c(133): CMN:  9.16  0.04 -0.29  0.22 -0.06 -0.15 -0.15 -0.16 -0.17 -0.15 -0.16 -0.09 -0.14 
INFO: cmn.c(133): CMN:  7.75 -0.19 -0.08 -0.15 -0.23  0.00 -0.02 -0.04 -0.21 -0.03 -0.09 -0.06 -0.10 
INFO: cmn.c(133): CMN:  9.03  0.42 -0.34  0.17  0.02 -0.16 -0.06 -0.23 -0.20 -0.08 -0.19 -0.12 -0.13 
INFO: cmn.c(133): CMN:  9.38  0.21 -0.35  0.31  0.05 -0.24 -0.09 -0.19 -0.20 -0.06 -0.19 -0.13 -0.15 
INFO: cmn.c(133): CMN:  9.10  0.13 -0.19  0.29  0.04 -0.32 -0.14 -0.16 -0.17 -0.12 -0.20 -0.11 -0.12 
INFO: cmn.c(133): CMN:  9.16  0.16 -0.27  0.15 -0.01 -0.27 -0.17 -0.09 -0.17 -0.15 -0.15 -0.05 -0.15 
INFO: cmn.c(133): CMN:  8.91  0.13 -0.14  0.03 -0.03 -0.09 -0.15 -0.13 -0.20 -0.08 -0.18 -0.09 -0.13 
INFO: cmn.c(133): CMN:  8.96 -0.15 -0.10  0.43  0.06 -0.30 -0.05 -0.10 -0.19 -0.12 -0.24 -0.07 -0.12 
INFO: cmn.c(133): CMN:  8.71 -0.27 -0.24  0.41 -0.07 -0.14 -0.13 -0.12 -0.11 -0.19 -0.16 -0.09 -0.09 
INFO: cmn.c(133): CMN:  9.06  0.35 -0.17  0.08 -0.10 -0.13 -0.13 -0.15 -0.19 -0.09 -0.16 -0.13 -0.16 
INFO: cmn.c(133): CMN:  9.14 -0.06 -0.27  0.35  0.03 -0.22 -0.13 -0.16 -0.15 -0.16 -0.21 -0.10 -0.14 
INFO: cmn.c(133): CMN:  8.70  0.11 -0.20  0.14 -0.02 -0.17 -0.13 -0.11 -0.17 -0.09 -0.17 -0.11 -0.11 
INFO: cmn.c(133): CMN:  7.79  0.55 -0.18  0.15 -0.37 -0.06 -0.10 -0.22 -0.19 -0.17 -0.12 -0.17 -0.11 
INFO: cmn.c(133): CMN:  9.26  0.29 -0.15  0.26 -0.35 -0.08 -0.21 -0.17 -0.19 -0.18 -0.14 -0.17 -0.13 
INFO: cmn.c(133): CMN:  7.87  0.29 -0.12  0.19 -0.17 -0.04 -0.22 -0.20 -0.14 -0.20 -0.13 -0.15 -0.12 
INFO: cmn.c(133): CMN:  7.42 -0.16 -0.02  0.17 -0.08 -0.02 -0.17 -0.18 -0.11 -0.18 -0.14 -0.07 -0.11 
INFO: cmn.c(133): CMN:  8.46  0.18 -0.24  0.42 -0.25 -0.14 -0.21 -0.21 -0.15 -0.21 -0.11 -0.13 -0.17 
INFO: cmn.c(133): CMN:  8.32  0.09 -0.02  0.46 -0.29 -0.10 -0.08 -0.20 -0.16 -0.21 -0.14 -0.16 -0.14 
INFO: cmn.c(133): CMN:  9.39  0.16 -0.30  0.38 -0.34 -0.09 -0.26 -0.16 -0.14 -0.22 -0.12 -0.15 -0.14 
INFO: cmn.c(133): CMN:  8.14  0.01 -0.12  0.19 -0.21 -0.06 -0.19 -0.24 -0.16 -0.19 -0.08 -0.16 -0.14 
INFO: cmn.c(133): CMN:  9.25  0.40 -0.23  0.36 -0.28 -0.16 -0.20 -0.23 -0.12 -0.19 -0.11 -0.14 -0.20 
INFO: cmn.c(133): CMN:  8.85 -0.03 -0.11  0.56 -0.27 -0.17 -0.16 -0.17 -0.16 -0.20 -0.15 -0.14 -0.17 
INFO: cmn.c(133): CMN:  8.98  0.54 -0.13  0.26 -0.22 -0.12 -0.15 -0.25 -0.12 -0.23 -0.12 -0.15 -0.23 
INFO: cmn.c(133): CMN:  9.54 -0.14 -0.19  0.30 -0.25 -0.04 -0.34 -0.19 -0.06 -0.23 -0.07 -0.19 -0.16 
INFO: cmn.c(133): CMN:  8.22  0.18 -0.02  0.08 -0.22 -0.09 -0.17 -0.15 -0.15 -0.15 -0.12 -0.14 -0.14 
INFO: cmn.c(133): CMN:  8.68 -0.21 -0.07  0.51 -0.08 -0.26 -0.14 -0.16 -0.09 -0.25 -0.11 -0.09 -0.19 
INFO: cmn.c(133): CMN:  8.96  0.11 -0.19  0.37 -0.07 -0.30 -0.14 -0.29 -0.04 -0.25 -0.12 -0.06 -0.14 
INFO: cmn.c(133): CMN:  8.48  0.20 -0.18  0.26 -0.02 -0.29 -0.17 -0.20 -0.07 -0.14 -0.12 -0.05 -0.13 
INFO: cmn.c(133): CMN:  8.34 -0.11  0.06  0.34 -0.03 -0.23 -0.15 -0.14 -0.12 -0.16 -0.07 -0.10 -0.20 
INFO: cmn.c(133): CMN:  8.36  0.09 -0.18  0.23 -0.09 -0.31 -0.16 -0.24 -0.06 -0.20 -0.10 -0.05 -0.17 
INFO: cmn.c(133): CMN:  8.88  0.29 -0.03  0.30 -0.20 -0.31 -0.19 -0.20 -0.15 -0.23 -0.06 -0.11 -0.13 
INFO: cmn.c(133): CMN:  8.29  0.42 -0.13 -0.15 -0.30 -0.22 -0.13 -0.23 -0.03 -0.08  0.00 -0.08 -0.13 
INFO: cmn.c(133): CMN:  8.55  0.20 -0.21  0.07 -0.20 -0.15 -0.14 -0.22 -0.09 -0.11 -0.09 -0.11 -0.15 
INFO: cmn.c(133): CMN:  9.81  0.40 -0.30  0.03 -0.18 -0.32 -0.14 -0.29 -0.10 -0.13 -0.08 -0.07 -0.18 
INFO: cmn.c(133): CMN:  8.71 -0.08 -0.06  0.40 -0.13 -0.23 -0.15 -0.17 -0.14 -0.20 -0.10 -0.09 -0.17 
INFO: cmn.c(133): CMN:  8.70  0.21 -0.13  0.05 -0.23 -0.19 -0.09 -0.20 -0.18 -0.09 -0.03 -0.09 -0.13 
INFO: cmn.c(133): CMN:  8.87  0.17 -0.14  0.13 -0.16 -0.18 -0.19 -0.24 -0.07 -0.18 -0.10 -0.10 -0.15 
INFO: cmn.c(133): CMN:  8.44  0.21 -0.08  0.22 -0.08 -0.26 -0.15 -0.21 -0.09 -0.15 -0.12 -0.10 -0.12 
INFO: cmn.c(133): CMN:  9.08  0.17 -0.25  0.36 -0.32 -0.03 -0.14 -0.31  0.05 -0.15 -0.16 -0.15 -0.09 
INFO: cmn.c(133): CMN:  8.69  0.43 -0.31  0.26 -0.34 -0.11 -0.11 -0.31  0.03 -0.15 -0.15 -0.14 -0.07 
INFO: cmn.c(133): CMN:  8.82  0.11 -0.21  0.29 -0.34 -0.06 -0.14 -0.26  0.02 -0.13 -0.13 -0.13 -0.08 
INFO: cmn.c(133): CMN:  7.54  0.52 -0.16  0.25 -0.31 -0.05 -0.08 -0.28  0.01 -0.19 -0.05 -0.15 -0.08 
INFO: cmn.c(133): CMN:  8.04 -0.13 -0.31  0.11 -0.21  0.02 -0.19 -0.25 -0.00 -0.13 -0.08 -0.06 -0.04 
INFO: cmn.c(133): CMN:  8.23  0.04 -0.30  0.38 -0.36 -0.16 -0.06 -0.18 -0.02 -0.15 -0.07 -0.11 -0.12 
INFO: cmn.c(133): CMN:  8.91  0.03 -0.26  0.81 -0.40 -0.13 -0.04 -0.33  0.07 -0.26 -0.06 -0.20 -0.06 
INFO: cmn.c(133): CMN:  8.78  0.34 -0.26  0.49 -0.28 -0.05 -0.10 -0.40  0.06 -0.18 -0.14 -0.19 -0.11 
INFO: cmn.c(133): CMN:  8.66  0.24 -0.42  0.37 -0.38 -0.11 -0.15 -0.23  0.05 -0.18 -0.08 -0.12 -0.12 
INFO: cmn.c(133): CMN:  9.25  0.04 -0.35  0.61 -0.37 -0.18 -0.10 -0.22  0.00 -0.21 -0.10 -0.13 -0.14 
INFO: cmn.c(133): CMN:  9.23  0.46 -0.42  0.35 -0.40 -0.15 -0.03 -0.32  0.01 -0.17 -0.11 -0.17 -0.15 
INFO: cmn.c(133): CMN:  9.04  0.26 -0.30  0.34 -0.34 -0.10 -0.14 -0.30 -0.01 -0.17 -0.14 -0.14 -0.10 
INFO: cmn.c(133): CMN:  9.02  0.12 -0.23  0.34 -0.36 -0.07 -0.11 -0.24  0.03 -0.20 -0.09 -0.15 -0.13 
INFO: cmn.c(133): CMN:  7.08  0.16 -0.15 -0.02 -0.21 -0.06 -0.16 -0.09 -0.12 -0.10 -0.07 -0.05 -0.13 
INFO: cmn.c(133): CMN:  7.23  0.31 -0.15  0.05 -0.20 -0.01 -0.18 -0.14 -0.13 -0.14 -0.07 -0.02 -0.10 
INFO: cmn.c(133): CMN:  9.87  0.19 -0.12  0.21 -0.35 -0.15 -0.30 -0.13 -0.10 -0.14 -0.15 -0.06 -0.19 
INFO: cmn.c(133): CMN:  8.01 -0.19 -0.14 -0.05 -0.25 -0.03 -0.17 -0.09 -0.11 -0.03 -0.07 -0.06 -0.14 
INFO: cmn.c(133): CMN:  8.02 -0.45 -0.04  0.04 -0.21 -0.08 -0.22 -0.06 -0.10 -0.06 -0.09 -0.08 -0.11 
INFO: cmn.c(133): CMN: 10.65 -0.16 -0.38  0.59 -0.33 -0.20 -0.36 -0.15 -0.13 -0.15 -0.16 -0.06 -0.14 
INFO: cmn.c(133): CMN:  9.86 -0.03 -0.32  0.48 -0.33 -0.17 -0.34 -0.13 -0.10 -0.19 -0.12 -0.07 -0.07 
INFO: cmn.c(133): CMN:  9.66 -0.02 -0.25  0.06 -0.31 -0.01 -0.31 -0.16 -0.09 -0.10 -0.12 -0.09 -0.11 
INFO: cmn.c(133): CMN:  9.58 -0.05 -0.18  0.47 -0.30 -0.11 -0.27 -0.17 -0.03 -0.15 -0.12 -0.13 -0.10 
INFO: cmn.c(133): CMN:  9.27 -0.32 -0.07  0.47 -0.30 -0.11 -0.24 -0.12 -0.12 -0.14 -0.13 -0.07 -0.15 
INFO: cmn.c(133): CMN:  9.81 -0.21 -0.25  0.13 -0.21 -0.03 -0.35 -0.12 -0.13 -0.09 -0.13 -0.09 -0.10 
INFO: cmn.c(133): CMN: 10.01 -0.60 -0.18  0.19 -0.16 -0.09 -0.40 -0.08 -0.13 -0.10 -0.20 -0.07 -0.11 
INFO: cmn.c(133): CMN:  9.83 -0.11 -0.29  0.38 -0.29 -0.10 -0.36 -0.08 -0.10 -0.12 -0.15 -0.17 -0.04 
INFO: cmn.c(133): CMN:  9.37  0.14 -0.03  0.14 -0.07 -0.21 -0.16 -0.17 -0.19 -0.08 -0.15 -0.09 -0.18 
INFO: cmn.c(133): CMN:  9.23  0.09  0.03  0.02 -0.07 -0.12 -0.27 -0.13 -0.19 -0.14 -0.15 -0.11 -0.14 
INFO: cmn.c(133): CMN: 10.70 -0.04  0.06  0.01 -0.25 -0.17 -0.21 -0.22 -0.26 -0.14 -0.13 -0.14 -0.19 
INFO: cmn.c(133): CMN:  9.69  0.12 -0.24 -0.07 -0.09 -0.18 -0.21 -0.20 -0.18 -0.07 -0.11 -0.06 -0.17 
INFO: cmn.c(133): CMN:  7.16  0.14 -0.03 -0.14 -0.24 -0.05 -0.07 -0.14 -0.09 -0.00 -0.05 -0.05 -0.14 
INFO: cmn.c(133): CMN:  8.81 -0.17  0.07  0.30  0.06 -0.23 -0.30 -0.09 -0.27 -0.05 -0.17 -0.08 -0.16 
INFO: cmn.c(133): CMN:  9.76 -0.23  0.11  0.39  0.02 -0.28 -0.41  0.02 -0.34 -0.14 -0.14 -0.11 -0.15 
INFO: cmn.c(133): CMN:  8.73 -0.19 -0.03  0.11 -0.00 -0.05 -0.27 -0.14 -0.16 -0.06 -0.13 -0.12 -0.13 
INFO: cmn.c(133): CMN:  9.19 -0.21  0.35  0.50  0.06 -0.29 -0.18 -0.01 -0.33 -0.08 -0.14 -0.19 -0.16 
INFO: cmn.c(133): CMN:  9.64 -0.08  0.06  0.39 -0.06 -0.18 -0.27 -0.06 -0.27 -0.17 -0.13 -0.14 -0.19 
INFO: cmn.c(133): CMN:  9.13  0.32  0.02  0.06 -0.10 -0.15 -0.20 -0.13 -0.18 -0.15 -0.13 -0.10 -0.22 
INFO: cmn.c(133): CMN:  9.21 -0.14 -0.14  0.08 -0.08 -0.08 -0.32 -0.15 -0.13 -0.18 -0.12 -0.08 -0.17 
INFO: cmn.c(133): CMN:  9.89 -0.16 -0.05  0.06 -0.14 -0.15 -0.28 -0.17 -0.14 -0.18 -0.14 -0.11 -0.15 
INFO: cmn.c(133): CMN:  9.21 -0.51  0.05  0.35 -0.22 -0.01 -0.38 -0.03 -0.14 -0.22 -0.14 -0.14 -0.11 
INFO: cmn.c(133): CMN:  8.30  0.27 -0.27  0.09 -0.22 -0.05 -0.27 -0.14 -0.11 -0.23 -0.06 -0.19 -0.09 
INFO: cmn.c(133): CMN:  8.66  0.06 -0.14  0.19 -0.23 -0.05 -0.27 -0.15 -0.10 -0.24 -0.02 -0.15 -0.11 
INFO: cmn.c(133): CMN:  8.58 -0.06 -0.07  0.50 -0.32 -0.04 -0.29 -0.11 -0.10 -0.23 -0.14 -0.11 -0.12 
INFO: cmn.c(133): CMN:  9.31  0.06 -0.20  0.37 -0.44  0.01 -0.38 -0.06 -0.12 -0.24 -0.03 -0.17 -0.06 
INFO: cmn.c(133): CMN:  8.21 -0.24 -0.27  0.35 -0.29 -0.06 -0.30 -0.10 -0.11 -0.17 -0.06 -0.15 -0.12 
INFO: cmn.c(133): CMN:  8.92  0.10 -0.13  0.04 -0.23 -0.01 -0.28 -0.23 -0.05 -0.22 -0.08 -0.17 -0.13 
INFO: cmn.c(133): CMN:  8.77 -0.10 -0.09  0.69 -0.38  0.02 -0.32 -0.05 -0.13 -0.27 -0.12 -0.13 -0.18 
INFO: cmn.c(133): CMN:  9.43 -0.16 -0.23  0.57 -0.38 -0.02 -0.34 -0.11 -0.11 -0.22 -0.11 -0.14 -0.12 
INFO: cmn.c(133): CMN:  8.29  0.35 -0.19  0.12 -0.24 -0.11 -0.21 -0.14 -0.10 -0.24 -0.02 -0.18 -0.16 
INFO: cmn.c(133): CMN:  9.21  0.28 -0.20  0.23 -0.28 -0.09 -0.28 -0.13 -0.07 -0.37 -0.05 -0.19 -0.13 
INFO: cmn.c(133): CMN:  9.19 -0.40 -0.05  0.08 -0.29  0.06 -0.37 -0.17 -0.14 -0.22  0.00 -0.21 -0.10 
INFO: cmn.c(133): CMN:  9.64  0.27 -0.48  0.48 -0.27 -0.27 -0.11 -0.20 -0.10 -0.22 -0.10 -0.12 -0.12 
INFO: cmn.c(133): CMN:  8.37  0.20 -0.45  0.40 -0.06 -0.18 -0.12 -0.20 -0.07 -0.16 -0.11 -0.12 -0.09 
INFO: cmn.c(133): CMN:  9.21  0.26 -0.37  0.56 -0.25 -0.21 -0.02 -0.24 -0.07 -0.23 -0.08 -0.18 -0.12 
INFO: cmn.c(133): CMN:  7.22 -0.02 -0.37  0.00 -0.24 -0.07 -0.04 -0.13 -0.05 -0.10 -0.09 -0.04 -0.11 
INFO: cmn.c(133): CMN:  9.54  0.26 -0.54  0.60 -0.26 -0.24 -0.06 -0.24 -0.10 -0.24 -0.10 -0.18 -0.15 
INFO: cmn.c(133): CMN:  8.75  0.42 -0.38  0.32 -0.15 -0.23 -0.10 -0.18 -0.07 -0.15 -0.05 -0.17 -0.08 
INFO: cmn.c(133): CMN:  9.70  0.46 -0.66  0.58 -0.35 -0.36 -0.10 -0.19 -0.11 -0.23 -0.01 -0.16 -0.05 
INFO: cmn.c(133): CMN:  6.95  0.27 -0.22  0.35 -0.11 -0.15 -0.08 -0.16 -0.11 -0.12 -0.12 -0.12 -0.04 
INFO: cmn.c(133): CMN:  8.51  0.11 -0.39  0.57 -0.29 -0.27 -0.12 -0.16 -0.13 -0.20 -0.02 -0.18 -0.04 
INFO: cmn.c(133): CMN:  8.88  0.67 -0.60  0.42 -0.42 -0.24 -0.09 -0.13 -0.07 -0.20 -0.01 -0.15 -0.09 
INFO: cmn.c(133): CMN:  8.53  0.65 -0.52  0.31 -0.39 -0.16 -0.10 -0.21 -0.22 -0.21  0.06 -0.21  0.03 
INFO: cmn.c(133): CMN:  9.07  0.39 -0.52  0.24 -0.27 -0.14 -0.10 -0.19 -0.10 -0.20 -0.04 -0.18 -0.09 
INFO: cmn.c(133): CMN:  9.03  0.10 -0.47  0.31 -0.15 -0.19 -0.09 -0.11 -0.05 -0.20 -0.03 -0.19 -0.10 
INFO: cmn.c(133): CMN:  8.46  0.28 -0.33  0.63 -0.21 -0.23 -0.19 -0.18 -0.14 -0.19 -0.08 -0.14 -0.10 
INFO: cmn.c(133): CMN:  8.15  0.19 -0.32  0.39 -0.20 -0.12 -0.28 -0.14 -0.08 -0.16 -0.09 -0.13 -0.06 
INFO: cmn.c(133): CMN:  6.92 -0.16 -0.17 -0.12 -0.15 -0.09 -0.05 -0.07 -0.14 -0.03 -0.03 -0.04 -0.07 
INFO: cmn.c(133): CMN:  6.22  0.35 -0.31  0.07 -0.20 -0.02 -0.13 -0.15 -0.04 -0.16 -0.00 -0.04  0.01 
INFO: cmn.c(133): CMN:  8.07 -0.06 -0.32  0.39 -0.10 -0.15 -0.26 -0.13 -0.07 -0.17 -0.11 -0.13 -0.08 
INFO: cmn.c(133): CMN:  8.63  0.10 -0.24  0.98 -0.50 -0.34 -0.12 -0.15 -0.12 -0.27 -0.03 -0.14 -0.13 
INFO: cmn.c(133): CMN:  8.30  0.04 -0.31  0.55 -0.30 -0.19 -0.19 -0.15 -0.10 -0.17 -0.06 -0.11 -0.07 
INFO: cmn.c(133): CMN:  9.10  0.33 -0.35  0.55 -0.35 -0.22 -0.24 -0.15 -0.14 -0.17 -0.08 -0.12 -0.08 
INFO: cmn.c(133): CMN:  8.99  0.26 -0.46  0.51 -0.33 -0.22 -0.28 -0.13 -0.12 -0.17 -0.05 -0.11 -0.05 
INFO: cmn.c(133): CMN:  5.44  0.09 -0.10  0.15 -0.07 -0.03 -0.08 -0.09 -0.07 -0.11 -0.04 -0.05 -0.05 
INFO: cmn.c(133): CMN:  8.26  0.37 -0.35  0.46 -0.27 -0.11 -0.27 -0.22 -0.05 -0.25 -0.06 -0.12 -0.08 
INFO: cmn.c(133): CMN:  8.17  0.25 -0.31  0.48 -0.18 -0.19 -0.28 -0.17 -0.06 -0.18 -0.12 -0.11 -0.08 
INFO: cmn.c(133): CMN:  9.89  0.13 -0.17  0.23 -0.14 -0.12 -0.10 -0.23 -0.05 -0.16 -0.17 -0.09 -0.16 
INFO: cmn.c(133): CMN:  9.71  0.17 -0.14  0.27 -0.16 -0.11 -0.21 -0.20 -0.11 -0.22 -0.19 -0.06 -0.18 
INFO: cmn.c(133): CMN:  9.30 -0.14 -0.09  0.06 -0.12 -0.11 -0.24 -0.14 -0.08 -0.14 -0.14 -0.08 -0.14 
INFO: cmn.c(133): CMN:  9.90 -0.16 -0.15  0.37 -0.23 -0.13 -0.16 -0.22 -0.06 -0.20 -0.16 -0.11 -0.11 
INFO: cmn.c(133): CMN:  7.05  0.50 -0.07 -0.01 -0.25 -0.08 -0.06 -0.13 -0.07 -0.13 -0.01 -0.09 -0.09 
INFO: cmn.c(133): CMN:  9.68  0.32 -0.24  0.02 -0.39 -0.01 -0.14 -0.23 -0.08 -0.17 -0.08 -0.11 -0.13 
INFO: cmn.c(133): CMN:  9.46 -0.28 -0.20  0.35 -0.28 -0.08 -0.24 -0.19 -0.06 -0.23 -0.10 -0.16 -0.08 
INFO: cmn.c(133): CMN:  8.83  0.15 -0.17  0.01 -0.18 -0.01 -0.13 -0.22 -0.06 -0.19 -0.09 -0.12 -0.15 
INFO: cmn.c(133): CMN:  9.85  0.08 -0.07  0.32 -0.34 -0.16 -0.16 -0.17 -0.05 -0.27 -0.10 -0.09 -0.19 
INFO: cmn.c(133): CMN:  9.56 -0.25 -0.10  0.40 -0.22 -0.16 -0.21 -0.14 -0.05 -0.23 -0.12 -0.09 -0.18 
INFO: cmn.c(133): CMN:  9.62  0.13 -0.11  0.05 -0.18 -0.16 -0.09 -0.26 -0.08 -0.13 -0.08 -0.11 -0.16 
INFO: cmn.c(133): CMN:  9.94  0.06 -0.13  0.09 -0.23 -0.11 -0.17 -0.16 -0.06 -0.22 -0.12 -0.09 -0.16 
INFO: cmn.c(133): CMN:  9.60 -0.24 -0.09  0.13 -0.07 -0.14 -0.10 -0.19 -0.11 -0.10 -0.06 -0.12 -0.14 
INFO: cmn.c(133): CMN:  9.97 -0.44  0.05  0.32 -0.14 -0.14 -0.15 -0.17 -0.14 -0.17 -0.10 -0.16 -0.14 
INFO: cmn.c(133): CMN:  7.73 -0.29 -0.26  0.08 -0.11  0.05 -0.24 -0.22 -0.05 -0.11 -0.07 -0.09 -0.03 
INFO: cmn.c(133): CMN:  7.51  0.45 -0.26  0.10 -0.12 -0.13 -0.05 -0.26 -0.11 -0.15 -0.00 -0.17 -0.07 
INFO: cmn.c(133): CMN:  9.75 -0.29 -0.12  0.59 -0.06 -0.25 -0.09 -0.22 -0.10 -0.26 -0.11 -0.14 -0.17 
INFO: cmn.c(133): CMN:  7.59 -0.58 -0.01  0.07 -0.15 -0.01 -0.15 -0.18 -0.08 -0.08 -0.02 -0.09 -0.10 
INFO: cmn.c(133): CMN:  8.01 -0.41 -0.06  0.28 -0.05 -0.18 -0.10 -0.13 -0.06 -0.19 -0.04 -0.12 -0.13 
INFO: cmn.c(133): CMN:  8.95 -0.40 -0.29  0.36 -0.06 -0.24 -0.15 -0.18  0.02 -0.24 -0.04 -0.15 -0.11 
INFO: cmn.c(133): CMN:  8.80 -0.24 -0.18  0.44  0.01 -0.31  0.02 -0.19 -0.09 -0.19 -0.08 -0.10 -0.19 
INFO: cmn.c(133): CMN:  9.11 -0.14 -0.18  0.42 -0.04 -0.27 -0.04 -0.19 -0.08 -0.20 -0.08 -0.11 -0.19 
INFO: cmn.c(133): CMN:  9.05  0.13 -0.33  0.16 -0.15 -0.08 -0.19 -0.24 -0.06 -0.17 -0.04 -0.17 -0.13 
INFO: cmn.c(133): CMN:  9.03  0.37 -0.24  0.16 -0.09 -0.18 -0.15 -0.19 -0.11 -0.23 -0.02 -0.21 -0.12 
INFO: cmn.c(133): CMN:  9.09  0.04 -0.34  0.32 -0.05 -0.18 -0.16 -0.23 -0.05 -0.25 -0.10 -0.17 -0.11 
INFO: cmn.c(133): CMN:  9.34 -0.01 -0.25  0.21 -0.39 -0.07 -0.15 -0.13 -0.13 -0.20 -0.04 -0.14 -0.15 
INFO: cmn.c(133): CMN:  8.68  0.07 -0.28  0.20 -0.18 -0.07 -0.32 -0.06 -0.04 -0.08 -0.07 -0.14 -0.10 
INFO: cmn.c(133): CMN:  8.49  0.31 -0.32 -0.06 -0.26 -0.00 -0.26 -0.09 -0.07 -0.04 -0.14 -0.08 -0.13 
INFO: cmn.c(133): CMN:  8.74  0.18 -0.13  0.34 -0.22 -0.10 -0.11 -0.09 -0.18 -0.14 -0.08 -0.16 -0.14 
INFO: cmn.c(133): CMN:  8.58 -0.08 -0.15  0.55 -0.34 -0.24 -0.09 -0.18 -0.18 -0.21 -0.02 -0.15 -0.13 
INFO: cmn.c(133): CMN:  8.66 -0.16  0.05  0.54 -0.34 -0.13 -0.09 -0.11 -0.19 -0.16 -0.08 -0.16 -0.14 
INFO: cmn.c(133): CMN:  9.74  0.48 -0.45  0.23 -0.57 -0.09 -0.33 -0.01 -0.16 -0.16 -0.00 -0.17 -0.09 
INFO: cmn.c(133): CMN:  9.65 -0.07 -0.26  0.35 -0.32 -0.15 -0.20 -0.05 -0.14 -0.15 -0.05 -0.16 -0.09 
INFO: cmn.c(133): CMN:  8.81  0.01 -0.09  0.52 -0.32 -0.10 -0.18 -0.08 -0.16 -0.16 -0.04 -0.17 -0.11 
INFO: cmn.c(133): CMN:  9.19 -0.01 -0.16  0.45 -0.31 -0.12 -0.13 -0.16 -0.13 -0.22 -0.08 -0.17 -0.13 
INFO: cmn.c(133): CMN:  9.15  0.26 -0.21  0.09 -0.27 -0.03 -0.23 -0.05 -0.12 -0.13 -0.02 -0.20 -0.15 
INFO: cmn.c(133): CMN:  9.55  0.39 -0.53  0.02 -0.29 -0.02 -0.24 -0.06 -0.07 -0.11 -0.05 -0.19 -0.13 
INFO: cmn.c(133): CMN:  9.29 -0.19 -0.28  0.18 -0.17 -0.07 -0.23 -0.08 -0.08 -0.17 -0.05 -0.15 -0.12 
INFO: cmn.c(133): CMN:  9.57 -0.11 -0.38  0.22 -0.35 -0.10 -0.17 -0.13 -0.10 -0.16 -0.12 -0.06 -0.15 
INFO: cmn.c(133): CMN:  9.24  0.32 -0.24  0.19 -0.30 -0.03 -0.24 -0.09 -0.07 -0.14 -0.14 -0.14 -0.08 
INFO: cmn.c(133): CMN:  9.86  0.04 -0.28  0.25 -0.23 -0.05 -0.24 -0.09 -0.13 -0.16 -0.09 -0.17 -0.12 
INFO: cmn.c(133): CMN:  7.62 -0.51 -0.10 -0.03 -0.27  0.05 -0.13 -0.05 -0.07 -0.04 -0.11 -0.07 -0.12 
INFO: cmn.c(133): CMN: 10.05  0.06 -0.45  0.49 -0.36 -0.08 -0.22 -0.07 -0.15 -0.14 -0.06 -0.11 -0.15 
INFO: cmn.c(133): CMN:  8.90 -0.24 -0.22  0.42 -0.28 -0.09 -0.24 -0.05 -0.08 -0.17 -0.07 -0.13 -0.08 
INFO: cmn.c(133): CMN:  8.34 -0.49 -0.13  0.54 -0.27 -0.09 -0.19 -0.05 -0.11 -0.15 -0.11 -0.08 -0.14 
INFO: cmn.c(133): CMN:  8.40 -0.51 -0.01  0.39 -0.21 -0.08 -0.16 -0.05 -0.12 -0.14 -0.09 -0.12 -0.08 
INFO: cmn.c(133): CMN:  8.58 -0.58 -0.06  0.47 -0.30 -0.09 -0.16 -0.10 -0.11 -0.17 -0.11 -0.17 -0.10 
INFO: cmn.c(133): CMN:  8.87 -0.02 -0.24  0.11 -0.24 -0.05 -0.13 -0.18 -0.09 -0.16 -0.08 -0.14 -0.11 
INFO: cmn.c(133): CMN:  9.08 -0.07 -0.33  0.18 -0.28 -0.08 -0.18 -0.17 -0.12 -0.21 -0.06 -0.13 -0.14 
INFO: cmn.c(133): CMN:  8.49 -0.68 -0.06  0.24 -0.19 -0.05 -0.24 -0.01 -0.08 -0.11 -0.10 -0.12 -0.06 
INFO: cmn.c(133): CMN:  9.35 -0.02 -0.17  0.08 -0.14 -0.16 -0.17 -0.17 -0.12 -0.15 -0.12 -0.14 -0.14 
INFO: cmn.c(133): CMN:  8.72 -0.00 -0.15  0.02 -0.08 -0.06 -0.21 -0.20 -0.14 -0.10 -0.09 -0.14 -0.12 
INFO: cmn.c(133): CMN:  9.30 -0.12 -0.09  0.30 -0.04 -0.11 -0.19 -0.15 -0.13 -0.18 -0.16 -0.11 -0.18 
INFO: cmn.c(133): CMN:  7.30 -0.01 -0.10 -0.07 -0.08 -0.10 -0.17 -0.21 -0.13 -0.04 -0.12 -0.04 -0.07 
INFO: cmn.c(133): CMN:  9.19  0.23 -0.28  0.08 -0.09 -0.13 -0.22 -0.15 -0.18 -0.09 -0.14 -0.10 -0.16 
INFO: cmn.c(133): CMN:  9.89  0.11 -0.25  0.11 -0.13 -0.15 -0.30 -0.12 -0.15 -0.05 -0.15 -0.11 -0.13 
INFO: cmn.c(133): CMN:  9.58 -0.06 -0.08  0.29 -0.18 -0.15 -0.22 -0.07 -0.15 -0.16 -0.12 -0.13 -0.16 
INFO: cmn.c(133): CMN:  8.86 -0.06 -0.10 -0.10 -0.09 -0.06 -0.25 -0.13 -0.14 -0.05 -0.15 -0.09 -0.17 
INFO: cmn.c(133): CMN:  9.93  0.11 -0.16  0.17 -0.05 -0.22 -0.24 -0.17 -0.13 -0.15 -0.15 -0.09 -0.16 
INFO: cmn.c(133): CMN:  9.47 -0.21 -0.08  0.37 -0.14 -0.15 -0.16 -0.15 -0.12 -0.17 -0.18 -0.10 -0.18 
INFO: cmn.c(133): CMN:  8.78 -0.05 -0.15  0.07 -0.11 -0.05 -0.21 -0.15 -0.12 -0.13 -0.17 -0.09 -0.15 
INFO: cmn.c(133): CMN:  9.22  0.25 -0.08 -0.08 -0.20 -0.14 -0.14 -0.16 -0.13 -0.10 -0.25 -0.08 -0.13 
INFO: cmn.c(133): CMN:  9.36 -0.25 -0.09 -0.01 -0.05 -0.12 -0.23 -0.12 -0.13 -0.12 -0.16 -0.10 -0.16 
INFO: cmn.c(133): CMN:  8.86 -0.12 -0.14  0.61 -0.32 -0.10 -0.14 -0.18 -0.10 -0.17 -0.04 -0.15 -0.11 
INFO: cmn.c(133): CMN:  8.08 -0.30  0.04  0.37 -0.25 -0.07 -0.07 -0.21 -0.07 -0.15 -0.06 -0.11 -0.13 
INFO: cmn.c(133): CMN:  8.78  0.05 -0.32  0.12 -0.29 -0.04 -0.25 -0.15 -0.08 -0.15 -0.07 -0.13 -0.11 
INFO: cmn.c(133): CMN:  7.08 -0.51  0.02  0.03 -0.09 -0.12 -0.22 -0.12 -0.06 -0.06 -0.08 -0.09 -0.02 
INFO: cmn.c(133): CMN:  6.87  0.38 -0.16  0.04 -0.35 -0.08 -0.12 -0.13 -0.11 -0.11 -0.03 -0.06 -0.07 
INFO: cmn.c(133): CMN:  8.85 -0.17 -0.02  0.28 -0.33 -0.17 -0.11 -0.14 -0.12 -0.12 -0.05 -0.16 -0.10 
INFO: cmn.c(133): CMN:  8.94  0.06 -0.30  0.30 -0.37 -0.24 -0.16 -0.13 -0.18 -0.11  0.02 -0.12 -0.08 
INFO: cmn.c(133): CMN:  8.09 -0.09 -0.09  0.29 -0.11 -0.11 -0.19 -0.10 -0.17 -0.22 -0.06 -0.12 -0.10 
INFO: cmn.c(133): CMN:  7.36 -0.08  0.08  0.43 -0.33  0.01 -0.08 -0.24 -0.08 -0.13 -0.05 -0.11 -0.11 
INFO: cmn.c(133): CMN:  8.61 -0.44 -0.00  0.48 -0.34 -0.06 -0.12 -0.16 -0.11 -0.16 -0.04 -0.15 -0.10 
INFO: cmn.c(133): CMN:  8.63  0.32 -0.36  0.16 -0.27 -0.13 -0.23 -0.10 -0.16 -0.11 -0.00 -0.15 -0.12 
INFO: cmn.c(133): CMN:  8.84 -0.09 -0.17  0.17 -0.24 -0.14 -0.26 -0.08 -0.14 -0.10 -0.10 -0.12 -0.07 
INFO: cmn.c(133): CMN:  8.71 -0.10 -0.15  0.15 -0.31 -0.14 -0.21 -0.06 -0.13 -0.12 -0.10 -0.08 -0.06 
INFO: cmn.c(133): CMN:  8.13 -0.21 -0.11  0.02 -0.41  0.05 -0.13 -0.14 -0.07 -0.07 -0.07 -0.01 -0.07 
INFO: cmn.c(133): CMN:  8.98 -0.03 -0.17  0.24 -0.26  0.08 -0.30 -0.27 -0.05 -0.18 -0.10 -0.12 -0.17 
INFO: cmn.c(133): CMN:  8.58  0.25 -0.37  0.13 -0.19  0.02 -0.28 -0.22 -0.08 -0.08 -0.13 -0.08 -0.16 
INFO: cmn.c(133): CMN:  9.07 -0.09 -0.31  0.60 -0.20 -0.04 -0.21 -0.22 -0.00 -0.29 -0.13 -0.12 -0.15 
INFO: cmn.c(133): CMN:  9.22 -0.21 -0.25  0.49 -0.25 -0.02 -0.23 -0.20 -0.01 -0.24 -0.09 -0.12 -0.15 
INFO: cmn.c(133): CMN:  9.95  0.07 -0.43  0.41 -0.34  0.02 -0.33 -0.25 -0.02 -0.21 -0.07 -0.13 -0.13 
INFO: cmn.c(133): CMN:  9.57  0.30 -0.50  0.42 -0.23 -0.11 -0.35 -0.25 -0.02 -0.19 -0.17 -0.13 -0.12 
INFO: cmn.c(133): CMN:  9.03 -0.35 -0.23  0.17 -0.17  0.07 -0.29 -0.24  0.02 -0.11 -0.15 -0.13 -0.18 
INFO: cmn.c(133): CMN:  9.14  0.13 -0.34  0.64 -0.16 -0.19 -0.13 -0.20 -0.08 -0.28 -0.11 -0.08 -0.16 
INFO: cmn.c(133): CMN:  9.69  0.16 -0.42  0.34 -0.21 -0.07 -0.33 -0.27 -0.07 -0.18 -0.12 -0.14 -0.10 
INFO: cmn.c(133): CMN:  9.00  0.28 -0.25  0.14 -0.36 -0.04 -0.15 -0.19 -0.13 -0.10 -0.14 -0.07 -0.12 
INFO: cmn.c(133): CMN:  9.30  0.06 -0.27  0.32 -0.18  0.02 -0.25 -0.27 -0.01 -0.20 -0.14 -0.15 -0.15 
INFO: cmn.c(133): CMN:  9.27  0.26 -0.33  0.30 -0.31 -0.06 -0.28 -0.16 -0.07 -0.20 -0.12 -0.09 -0.16 
INFO: cmn.c(133): CMN:  8.86 -0.45 -0.10  0.53 -0.13 -0.21 -0.08 -0.22 -0.12 -0.20 -0.15 -0.05 -0.19 
INFO: cmn.c(133): CMN:  7.33 -0.10 -0.19  0.03 -0.20 -0.16 -0.10 -0.13 -0.06 -0.16 -0.06  0.01 -0.14 
INFO: cmn.c(133): CMN:  9.46 -0.24 -0.28  0.07 -0.15 -0.11 -0.20 -0.22 -0.04 -0.18 -0.09 -0.09 -0.17 
INFO: cmn.c(133): CMN:  8.91 -0.19 -0.17  0.02 -0.16 -0.09 -0.17 -0.24 -0.04 -0.18 -0.14 -0.04 -0.14 
INFO: cmn.c(133): CMN:  8.01 -0.74  0.10  0.11 -0.17 -0.06 -0.13 -0.18 -0.09 -0.14 -0.08 -0.03 -0.12 
INFO: cmn.c(133): CMN:  9.16 -0.09 -0.19  0.28 -0.20 -0.20 -0.16 -0.24  0.04 -0.23 -0.05 -0.07 -0.14 
INFO: cmn.c(133): CMN:  9.52 -0.11 -0.02  0.53 -0.21 -0.27 -0.11 -0.24 -0.01 -0.25 -0.16  0.01 -0.24 
INFO: cmn.c(133): CMN:  9.17 -0.33  0.06  0.20 -0.07 -0.11 -0.19 -0.29 -0.11 -0.15 -0.22 -0.10 -0.13 
INFO: cmn.c(133): CMN:  8.95 -0.20  0.06  0.38 -0.19 -0.20 -0.13 -0.16 -0.11 -0.22 -0.07 -0.07 -0.22 
INFO: cmn.c(133): CMN:  9.05 -0.37 -0.00  0.46 -0.17 -0.18 -0.08 -0.17 -0.12 -0.15 -0.16 -0.03 -0.23 
INFO: cmn.c(133): CMN:  9.15  0.04 -0.02  0.08 -0.08 -0.23 -0.17 -0.13 -0.12 -0.12 -0.15 -0.06 -0.20 
INFO: cmn.c(133): CMN:  9.37  0.16 -0.06  0.13 -0.09 -0.23 -0.16 -0.19 -0.10 -0.18 -0.22 -0.02 -0.22 
INFO: cmn.c(133): CMN:  9.44 -0.00 -0.11  0.15 -0.08 -0.20 -0.13 -0.22 -0.10 -0.14 -0.23 -0.01 -0.20 
INFO: cmn.c(133): CMN:  7.31 -0.00 -0.17  0.09 -0.11 -0.19 -0.17 -0.13 -0.12 -0.10 -0.03 -0.14 -0.04 
INFO: cmn.c(133): CMN:  7.43 -0.47  0.09  0.34 -0.03 -0.25 -0.18 -0.06 -0.15 -0.17 -0.09 -0.15 -0.03 
INFO: cmn.c(133): CMN:  7.59 -0.34 -0.10  0.25 -0.05 -0.18 -0.23 -0.07 -0.16 -0.14 -0.03 -0.20 -0.04 
INFO: cmn.c(133): CMN:  6.81 -0.18 -0.12  0.04 -0.33 -0.04 -0.17 -0.06 -0.11 -0.14  0.00 -0.16  0.08 
INFO: cmn.c(133): CMN:  7.53 -0.39 -0.13  0.36 -0.08 -0.26 -0.26 -0.03 -0.08 -0.17 -0.06 -0.15 -0.01 
INFO: cmn.c(133): CMN:  7.66 -0.33 -0.09  0.30 -0.04 -0.34 -0.18 -0.08 -0.11 -0.14 -0.09 -0.15 -0.01 
INFO: cmn.c(133): CMN:  8.30  0.05 -0.15 -0.04 -0.11 -0.22 -0.12 -0.12 -0.07 -0.12 -0.06 -0.13 -0.07 
INFO: cmn.c(133): CMN:  8.46 -0.21 -0.07  0.38 -0.09 -0.24 -0.20 -0.08 -0.15 -0.19 -0.07 -0.19 -0.04 
INFO: cmn.c(133): CMN:  9.07 -0.32 -0.27  0.26  0.06 -0.23 -0.25 -0.16 -0.12 -0.18 -0.11 -0.18 -0.07 
INFO: cmn.c(133): CMN:  8.20 -0.10 -0.13  0.29 -0.17 -0.21 -0.14 -0.12 -0.11 -0.17 -0.09 -0.17 -0.01 
INFO: cmn.c(133): CMN:  8.46  0.11 -0.16  0.18 -0.02 -0.28 -0.24 -0.10 -0.13 -0.17 -0.04 -0.20 -0.01 
INFO: cmn.c(133): CMN:  8.48 -0.36 -0.12  0.05  0.01 -0.14 -0.24 -0.10 -0.07 -0.19 -0.12 -0.15 -0.05 
INFO: cmn.c(133): CMN:  7.79 -0.10 -0.23  0.16 -0.04 -0.19 -0.21 -0.12 -0.08 -0.16 -0.10 -0.15 -0.03 
INFO: cmn.c(133): CMN:  8.60 -0.15 -0.21  0.29 -0.03 -0.27 -0.23 -0.08 -0.17 -0.22 -0.13 -0.17 -0.03 
INFO: cmn.c(133): CMN:  8.30  0.23 -0.01  0.03 -0.07 -0.06 -0.25 -0.17 -0.16 -0.15 -0.09 -0.12 -0.16 
INFO: cmn.c(133): CMN:  8.43  0.03  0.08  0.29 -0.03 -0.15 -0.23 -0.07 -0.20 -0.15 -0.05 -0.17 -0.18 
INFO: cmn.c(133): CMN:  7.42 -0.27  0.14  0.16 -0.04 -0.05 -0.17 -0.13 -0.06 -0.10 -0.09 -0.17 -0.14 
INFO: cmn.c(133): CMN:  8.03  0.24  0.13  0.11 -0.03 -0.10 -0.28 -0.15 -0.14 -0.14 -0.09 -0.14 -0.16 
INFO: cmn.c(133): CMN:  5.79  0.19  0.11  0.00 -0.19 -0.02 -0.10 -0.08 -0.10 -0.15 -0.05 -0.07 -0.15 
INFO: cmn.c(133): CMN:  9.03 -0.13 -0.04  0.25 -0.14 -0.15 -0.28 -0.13 -0.12 -0.16 -0.04 -0.12 -0.17 
INFO: cmn.c(133): CMN:  8.07  0.27 -0.01  0.14 -0.02 -0.17 -0.30 -0.13 -0.02 -0.13 -0.07 -0.13 -0.10 
INFO: cmn.c(133): CMN:  7.69  0.18 -0.10 -0.03 -0.15 -0.02 -0.17 -0.17 -0.02 -0.20 -0.13 -0.08 -0.08 
INFO: cmn.c(133): CMN:  7.96 -0.13  0.06  0.47  0.00 -0.19 -0.28 -0.10 -0.12 -0.18 -0.05 -0.20 -0.18 
INFO: cmn.c(133): CMN:  8.56  0.78  0.05 -0.06 -0.27 -0.12 -0.25 -0.14 -0.16 -0.21 -0.01 -0.05 -0.19 
INFO: cmn.c(133): CMN:  7.42  0.57  0.16  0.05 -0.11 -0.11 -0.24 -0.09 -0.17 -0.17 -0.06 -0.12 -0.16 
INFO: cmn.c(133): CMN:  7.79  0.02 -0.03  0.14  0.02 -0.13 -0.31 -0.13 -0.09 -0.13 -0.12 -0.10 -0.18 
INFO: cmn.c(133): CMN:  7.56 -0.06  0.03  0.26  0.00 -0.11 -0.26 -0.18 -0.02 -0.15 -0.12 -0.16 -0.11 
INFO: cmn.c(133): CMN: 10.17  0.14 -0.19  0.05 -0.28 -0.01 -0.28 -0.26 -0.09 -0.25 -0.03 -0.14 -0.15 
INFO: cmn.c(133): CMN:  9.96  0.29 -0.29  0.38 -0.24 -0.07 -0.30 -0.27 -0.02 -0.36  0.04 -0.19 -0.11 
INFO: cmn.c(133): CMN:  8.03 -0.03 -0.19 -0.04 -0.12  0.03 -0.28 -0.25 -0.13 -0.16 -0.02 -0.09 -0.08 
INFO: cmn.c(133): CMN:  9.88  0.05 -0.23  0.30 -0.22 -0.04 -0.26 -0.17 -0.07 -0.30 -0.01 -0.20 -0.13 
INFO: cmn.c(133): CMN:  7.72  0.03 -0.16  0.41 -0.06 -0.04 -0.18 -0.20 -0.11 -0.25 -0.06 -0.13 -0.07 
INFO: cmn.c(133): CMN:  9.45  0.13 -0.26  0.22 -0.23 -0.07 -0.33 -0.14 -0.10 -0.25  0.03 -0.17 -0.09 
INFO: cmn.c(133): CMN:  9.88 -0.07 -0.20  0.55 -0.21 -0.11 -0.28 -0.11 -0.12 -0.32 -0.02 -0.20 -0.11 
INFO: cmn.c(133): CMN:  9.35  0.39 -0.20  0.20 -0.26 -0.03 -0.20 -0.19 -0.19 -0.26  0.11 -0.17 -0.19 
INFO: cmn.c(133): CMN: 10.11  0.29 -0.20  0.45 -0.37 -0.03 -0.29 -0.15 -0.11 -0.31  0.02 -0.20 -0.13 
INFO: cmn.c(133): CMN: 10.14  0.19 -0.19  0.41 -0.36  0.00 -0.25 -0.17 -0.09 -0.27  0.01 -0.17 -0.15 
INFO: cmn.c(133): CMN:  9.62  0.42 -0.23  0.00 -0.38  0.02 -0.27 -0.16 -0.14 -0.23  0.04 -0.15 -0.15 
INFO: cmn.c(133): CMN:  9.70  0.32 -0.29  0.17 -0.28 -0.02 -0.23 -0.19 -0.10 -0.24  0.03 -0.19 -0.17 
INFO: cmn.c(133): CMN:  9.63 -0.02 -0.24  0.21 -0.23  0.02 -0.28 -0.14 -0.09 -0.24 -0.04 -0.17 -0.10 
INFO: cmn.c(133): CMN:  7.97 -0.28  0.12  0.37 -0.23 -0.22 -0.01 -0.18 -0.13 -0.15 -0.15 -0.08 -0.20 
INFO: cmn.c(133): CMN:  5.91 -0.02  0.07 -0.09 -0.27 -0.12 -0.12 -0.10 -0.11 -0.05 -0.10 -0.04 -0.06 
INFO: cmn.c(133): CMN:  7.31 -0.08  0.02  0.20 -0.12 -0.25 -0.08 -0.21 -0.11 -0.11 -0.10 -0.11 -0.10 
INFO: cmn.c(133): CMN:  8.18  0.29 -0.17  0.04 -0.26 -0.30 -0.13 -0.19 -0.09 -0.13 -0.08 -0.06 -0.11 
INFO: cmn.c(133): CMN:  7.19  0.14 -0.02  0.29 -0.22 -0.11 -0.17 -0.24 -0.09 -0.12 -0.15 -0.14 -0.07 
INFO: cmn.c(133): CMN:  8.06  0.20 -0.01  0.00 -0.21 -0.22 -0.04 -0.18 -0.13 -0.11 -0.08 -0.10 -0.16 
INFO: cmn.c(133): CMN:  7.97  0.06 -0.01  0.14 -0.15 -0.36  0.06 -0.21 -0.06 -0.11 -0.08 -0.13 -0.20 
INFO: cmn.c(133): CMN:  8.35  0.11 -0.03  0.25 -0.13 -0.40 -0.00 -0.23 -0.08 -0.16 -0.14 -0.20 -0.12 
INFO: cmn.c(133): CMN:  7.95  0.17  0.04  0.11 -0.31 -0.22  0.03 -0.19 -0.22 -0.15 -0.11 -0.06 -0.15 
INFO: cmn.c(133): CMN:  7.99 -0.34  0.11  0.36 -0.21 -0.27 -0.03 -0.17 -0.15 -0.09 -0.18 -0.02 -0.21 
INFO: cmn.c(133): CMN:  8.09  0.36  0.03  0.12 -0.23 -0.26 -0.03 -0.21 -0.13 -0.12 -0.14 -0.14 -0.15 
INFO: cmn.c(133): CMN:  8.09 -0.12 -0.10  0.10 -0.16 -0.22 -0.10 -0.18 -0.12 -0.10 -0.11 -0.08 -0.17 
INFO: cmn.c(133): CMN:  8.08  0.13  0.11  0.26 -0.28 -0.28 -0.07 -0.24 -0.07 -0.21 -0.10 -0.15 -0.16 
INFO: cmn.c(133): CMN:  9.61  0.14 -0.18  0.31 -0.24 -0.25 -0.13 -0.17 -0.11 -0.15 -0.15 -0.17 -0.02 
INFO: cmn.c(133): CMN:  9.13  0.10 -0.10  0.23 -0.30 -0.19 -0.10 -0.18 -0.12 -0.17 -0.14 -0.13 -0.10 
INFO: cmn.c(133): CMN:  8.86 -0.56 -0.08  0.10 -0.17 -0.06 -0.29 -0.06 -0.12 -0.10 -0.10 -0.13  0.00 
INFO: cmn.c(133): CMN:  9.14 -0.07 -0.16  0.23 -0.19 -0.18 -0.20 -0.17 -0.13 -0.12 -0.12 -0.17 -0.02 
INFO: cmn.c(133): CMN:  9.32  0.11  0.04  0.30 -0.33 -0.19  0.00 -0.23 -0.11 -0.17 -0.16 -0.17 -0.12 
INFO: cmn.c(133): CMN:  9.40  0.47 -0.18  0.02 -0.41 -0.13 -0.04 -0.20 -0.15 -0.09 -0.16 -0.06 -0.13 
INFO: cmn.c(133): CMN:  9.34 -0.10 -0.13  0.43 -0.26 -0.35 -0.17 -0.07 -0.12 -0.15 -0.08 -0.15  0.00 
INFO: cmn.c(133): CMN:  8.71  0.08  0.01 -0.05 -0.33 -0.05 -0.09 -0.22 -0.14 -0.05 -0.06 -0.19 -0.05 
INFO: cmn.c(133): CMN:  8.84 -0.12 -0.01  0.40 -0.20 -0.23 -0.06 -0.14 -0.17 -0.14 -0.15 -0.12 -0.13 
INFO: cmn.c(133): CMN:  8.60  0.22 -0.09  0.05 -0.27 -0.15 -0.09 -0.18 -0.13 -0.12 -0.06 -0.16 -0.06 
INFO: cmn.c(133): CMN:  8.97  0.02 -0.08  0.08 -0.29 -0.15 -0.18 -0.12 -0.15 -0.15 -0.13 -0.16 -0.04 
INFO: cmn.c(133): CMN:  9.03 -0.08 -0.01  0.10 -0.33 -0.13 -0.10 -0.16 -0.09 -0.15 -0.07 -0.14 -0.03 
INFO: cmn.c(133): CMN:  8.84 -0.11 -0.17  0.52 -0.22 -0.19 -0.13 -0.21 -0.05 -0.29 -0.04 -0.17 -0.20 
INFO: cmn.c(133): CMN:  6.53 -0.18 -0.15 -0.05 -0.33  0.06 -0.14 -0.02 -0.07 -0.10  0.00 -0.05 -0.14 
INFO: cmn.c(133): CMN:  8.50  0.07 -0.38  0.26 -0.23 -0.04 -0.29 -0.25  0.01 -0.23 -0.03 -0.15 -0.13 
INFO: cmn.c(133): CMN:  8.45  0.29 -0.44  0.31 -0.20 -0.09 -0.20 -0.24  0.03 -0.27 -0.08 -0.07 -0.21 
INFO: cmn.c(133): CMN:  9.19 -0.23 -0.28  0.46 -0.16 -0.17 -0.30 -0.14 -0.07 -0.26 -0.11 -0.11 -0.14 
INFO: cmn.c(133): CMN: 10.14  0.37 -0.54  0.59 -0.29 -0.20 -0.31 -0.35  0.07 -0.35 -0.02 -0.20 -0.07 
INFO: cmn.c(133): CMN:  9.12  0.32 -0.38  0.46 -0.31 -0.02 -0.28 -0.33 -0.03 -0.35 -0.06 -0.07 -0.14 
INFO: cmn.c(133): CMN:  7.65  0.21 -0.22  0.30 -0.27 -0.08 -0.19 -0.19 -0.07 -0.26  0.02 -0.15 -0.11 
INFO: cmn.c(133): CMN:  9.11  0.39 -0.42  0.63 -0.34 -0.18 -0.26 -0.29 -0.06 -0.39 -0.00 -0.14 -0.16 
INFO: cmn.c(133): CMN:  9.41  0.13 -0.30  0.49 -0.33 -0.21 -0.18 -0.24 -0.07 -0.32  0.01 -0.18 -0.15 
INFO: cmn.c(133): CMN:  8.43 -0.09 -0.23  0.19 -0.18 -0.03 -0.39 -0.19 -0.10 -0.20 -0.05 -0.13 -0.08 
INFO: cmn.c(133): CMN:  8.92  0.30 -0.50  0.32 -0.31 -0.12 -0.24 -0.32 -0.01 -0.27 -0.05 -0.11 -0.18 
INFO: cmn.c(133): CMN:  8.20  0.05 -0.29  0.38 -0.22 -0.12 -0.26 -0.16 -0.03 -0.26 -0.08 -0.13 -0.11 
INFO: cmn.c(133): CMN:  9.30  0.02 -0.32  0.22 -0.29 -0.05 -0.23 -0.26 -0.05 -0.17 -0.11 -0.06 -0.14 
INFO: cmn.c(133): CMN:  7.60  0.42 -0.16  0.06 -0.20 -0.14 -0.01 -0.26 -0.14 -0.18 -0.05 -0.02 -0.15 
INFO: cmn.c(133): CMN:  9.86 -0.07 -0.40  0.40 -0.16 -0.10 -0.28 -0.28 -0.11 -0.23 -0.12 -0.12 -0.10 
INFO: cmn.c(133): CMN:  7.94 -0.15 -0.21 -0.03 -0.23  0.01 -0.24 -0.21 -0.12 -0.02 -0.07 -0.00 -0.07 
INFO: cmn.c(133): CMN:  8.83  0.34 -0.44  0.21 -0.17 -0.12 -0.25 -0.35 -0.02 -0.16 -0.13 -0.12 -0.05 
INFO: cmn.c(133): CMN:  9.27  0.05 -0.35  0.26 -0.27 -0.14 -0.15 -0.30 -0.10 -0.23 -0.06 -0.03 -0.08 
INFO: cmn.c(133): CMN:  9.01  0.43 -0.38  0.23 -0.31 -0.20 -0.12 -0.26  0.01 -0.23 -0.06 -0.04 -0.10 
INFO: cmn.c(133): CMN:  8.42  0.08 -0.32  0.19 -0.16 -0.09 -0.15 -0.23 -0.10 -0.19 -0.09 -0.07 -0.14 
INFO: cmn.c(133): CMN:  8.57  0.08 -0.22  0.39 -0.23 -0.21 -0.01 -0.28 -0.05 -0.22 -0.07 -0.09 -0.11 
INFO: cmn.c(133): CMN:  9.42 -0.06 -0.39  0.56 -0.19 -0.22 -0.12 -0.32 -0.03 -0.26 -0.05 -0.14 -0.09 
INFO: cmn.c(133): CMN:  9.31  0.28 -0.31  0.05 -0.28 -0.11 -0.11 -0.30 -0.10 -0.18 -0.04 -0.07 -0.19 
INFO: cmn.c(133): CMN:  9.35  0.17 -0.37  0.29 -0.18 -0.10 -0.19 -0.29 -0.06 -0.26 -0.09 -0.12 -0.12 
INFO: cmn.c(133): CMN:  9.40  0.03 -0.34  0.24 -0.17 -0.11 -0.23 -0.26 -0.07 -0.21 -0.11 -0.10 -0.13 
INFO: cmn.c(133): CMN:  8.50 -0.75 -0.10  0.24 -0.31  0.07 -0.31 -0.07 -0.13 -0.11 -0.09 -0.12 -0.08 
INFO: cmn.c(133): CMN:  9.30 -0.37 -0.30  0.29 -0.30  0.12 -0.30 -0.16 -0.12 -0.16 -0.05 -0.14 -0.13 
INFO: cmn.c(133): CMN:  8.83 -0.64 -0.27  0.09 -0.47  0.07 -0.18 -0.04 -0.14 -0.09 -0.02 -0.11 -0.15 
INFO: cmn.c(133): CMN:  9.86 -0.05 -0.35  0.29 -0.41  0.06 -0.37 -0.02 -0.04 -0.22 -0.09 -0.10 -0.13 
INFO: cmn.c(133): CMN:  9.39 -0.11 -0.36  0.28 -0.30  0.11 -0.32 -0.10 -0.10 -0.18 -0.09 -0.15 -0.12 
INFO: cmn.c(133): CMN:  9.44 -0.10 -0.17  0.34 -0.50  0.12 -0.31 -0.06 -0.09 -0.17 -0.18 -0.10 -0.12 
INFO: cmn.c(133): CMN:  9.89 -0.14 -0.38  0.33 -0.51  0.06 -0.38 -0.02 -0.03 -0.23 -0.09 -0.10 -0.11 
INFO: cmn.c(133): CMN:  9.41 -0.62 -0.18  0.18 -0.23  0.06 -0.30 -0.01 -0.16 -0.10 -0.12 -0.14 -0.09 
INFO: cmn.c(133): CMN:  9.46  0.00 -0.35  0.48 -0.48 -0.01 -0.24 -0.01 -0.07 -0.18 -0.13 -0.10 -0.17 
INFO: cmn.c(133): CMN:  9.45 -0.45 -0.25  0.61 -0.43 -0.02 -0.31 -0.05 -0.12 -0.23 -0.12 -0.11 -0.14 
INFO: cmn.c(133): CMN:  9.35 -0.39 -0.22  0.19 -0.41  0.08 -0.27 -0.03 -0.19 -0.17 -0.08 -0.12 -0.11 
INFO: cmn.c(133): CMN:  9.60 -0.53 -0.25  0.05 -0.34  0.04 -0.26 -0.03 -0.14 -0.12 -0.08 -0.13 -0.13 
INFO: cmn.c(133): CMN:  8.99 -0.21 -0.45  0.11 -0.44  0.02 -0.22 -0.03 -0.10 -0.10 -0.07 -0.08 -0.17 
INFO: cmn.c(133): CMN:  7.96  0.03 -0.18  0.14 -0.14 -0.01 -0.27 -0.20 -0.10 -0.18 -0.14 -0.16 -0.08 
INFO: cmn.c(133): CMN:  7.13  0.17 -0.23  0.03 -0.22 -0.09 -0.12 -0.20 -0.08 -0.16 -0.04 -0.08 -0.12 
INFO: cmn.c(133): CMN:  9.72 -0.15 -0.34  0.30 -0.31 -0.11 -0.15 -0.20 -0.09 -0.11 -0.09 -0.13 -0.10 
INFO: cmn.c(133): CMN:  8.39 -0.63 -0.07  0.03 -0.15  0.02 -0.28 -0.20 -0.08 -0.07 -0.10 -0.13 -0.05 
INFO: cmn.c(133): CMN:  9.58 -0.03 -0.35  0.34 -0.19 -0.26 -0.19 -0.16 -0.13 -0.13 -0.09 -0.16 -0.11 
INFO: cmn.c(133): CMN:  8.97 -0.34 -0.25  0.43 -0.25 -0.14 -0.07 -0.19 -0.06 -0.09 -0.16 -0.08 -0.12 
INFO: cmn.c(133): CMN: 10.25 -0.04 -0.40  0.23 -0.32 -0.16 -0.13 -0.25 -0.01 -0.17 -0.09 -0.16 -0.10 
INFO: cmn.c(133): CMN:  9.46  0.22 -0.13  0.15 -0.30 -0.12 -0.05 -0.32 -0.07 -0.21 -0.14 -0.15 -0.20 
INFO: cmn.c(133): CMN:  9.25 -0.45 -0.12  0.70 -0.25 -0.25 -0.00 -0.24 -0.07 -0.15 -0.11 -0.14 -0.12 
INFO: cmn.c(133): CMN:  9.41 -0.44 -0.20  0.50 -0.29 -0.15 -0.02 -0.26 -0.09 -0.14 -0.11 -0.14 -0.13 
INFO: cmn.c(133): CMN:  9.74  0.04 -0.32  0.17 -0.30 -0.10 -0.09 -0.32 -0.01 -0.17 -0.14 -0.09 -0.13 
INFO: cmn.c(133): CMN:  9.95  0.02 -0.34  0.28 -0.22 -0.14 -0.09 -0.35  0.00 -0.22 -0.15 -0.11 -0.17 
INFO: cmn.c(133): CMN:  9.35 -0.03 -0.31  0.10 -0.26 -0.03 -0.20 -0.29 -0.05 -0.12 -0.07 -0.18 -0.09 
INFO: cmn.c(133): CMN:  8.99 -0.05 -0.29  0.17 -0.20 -0.09 -0.21 -0.12 -0.04 -0.13 -0.17 -0.15 -0.12 
INFO: cmn.c(133): CMN:  7.87 -0.55  0.18  0.16 -0.07 -0.07 -0.20 -0.04 -0.10 -0.17 -0.11 -0.10 -0.05 
INFO: cmn.c(133): CMN:  8.83  0.02  0.08  0.22 -0.17 -0.08 -0.16 -0.13 -0.09 -0.18 -0.12 -0.17 -0.13 
INFO: cmn.c(133): CMN:  9.28  0.20  0.04  0.34 -0.10 -0.17 -0.11 -0.14 -0.16 -0.21 -0.14 -0.15 -0.23 
INFO: cmn.c(133): CMN:  7.18 -0.05  0.06  0.37 -0.06 -0.02 -0.09 -0.10 -0.07 -0.23 -0.14 -0.04 -0.15 
INFO: cmn.c(133): CMN:  8.85 -0.15  0.09  0.48 -0.09 -0.08 -0.14 -0.11 -0.12 -0.23 -0.10 -0.16 -0.15 
INFO: cmn.c(133): CMN:  8.19 -0.23  0.22  0.55 -0.05 -0.16 -0.02 -0.10 -0.18 -0.11 -0.18 -0.10 -0.14 
INFO: cmn.c(133): CMN:  9.03  0.32 -0.27 -0.02 -0.21 -0.05 -0.10 -0.16 -0.08 -0.12 -0.01 -0.25 -0.10 
INFO: cmn.c(133): CMN:  9.03  0.21 -0.02  0.36 -0.09 -0.26 -0.15 -0.09 -0.12 -0.25 -0.04 -0.14 -0.19 
INFO: cmn.c(133): CMN:  9.01 -0.22  0.16  0.49 -0.14 -0.13 -0.15 -0.11 -0.12 -0.26 -0.13 -0.13 -0.18 
INFO: cmn.c(133): CMN:  8.36 -0.18 -0.05  0.14 -0.07 -0.07 -0.25 -0.06 -0.09 -0.20 -0.07 -0.16 -0.13 
INFO: cmn.c(133): CMN:  8.27 -0.37  0.03  0.09 -0.03 -0.15 -0.23 -0.05 -0.11 -0.17 -0.12 -0.16 -0.07 
INFO: cmn.c(133): CMN:  8.33 -0.06 -0.05  0.30 -0.03 -0.15 -0.18 -0.07 -0.16 -0.15 -0.09 -0.22 -0.11 
INFO: cmn.c(133): CMN:  7.24 -0.46  0.17 -0.03 -0.05 -0.14 -0.16 -0.11 -0.15 -0.06 -0.09 -0.07 -0.10 
INFO: cmn.c(133): CMN:  8.62  0.29  0.02 -0.08 -0.19 -0.22 -0.27 -0.10 -0.17 -0.11 -0.12 -0.14 -0.07 
INFO: cmn.c(133): CMN:  7.85  0.29 -0.00  0.05 -0.07 -0.12 -0.26 -0.10 -0.17 -0.10 -0.13 -0.14 -0.06 
INFO: cmn.c(133): CMN:  9.53 -0.01  0.12  0.11 -0.07 -0.31 -0.24 -0.07 -0.27 -0.13 -0.20 -0.13 -0.14 
INFO: cmn.c(133): CMN:  8.78  0.44  0.01 -0.04 -0.13 -0.17 -0.31 -0.08 -0.22 -0.15 -0.15 -0.11 -0.14 
INFO: cmn.c(133): CMN:  9.21 -0.00 -0.01 -0.04 -0.08 -0.13 -0.25 -0.08 -0.26 -0.10 -0.14 -0.10 -0.09 
INFO: cmn.c(133): CMN:  8.66 -0.25  0.32  0.27  0.06 -0.29 -0.08 -0.08 -0.31 -0.08 -0.18 -0.18 -0.16 
INFO: cmn.c(133): CMN:  8.98  0.38 -0.05 -0.08 -0.11 -0.18 -0.37 -0.01 -0.23 -0.09 -0.15 -0.16 -0.07 
INFO: cmn.c(133): CMN:  8.26 -0.12  0.30  0.15 -0.08 -0.27 -0.17 -0.02 -0.29 -0.06 -0.17 -0.13 -0.13 
INFO: cmn.c(133): CMN:  8.55 -0.02  0.29  0.22 -0.07 -0.19 -0.18 -0.06 -0.27 -0.14 -0.15 -0.15 -0.15 
INFO: cmn.c(133): CMN:  8.09  0.35  0.04 -0.07 -0.10 -0.11 -0.29 -0.08 -0.18 -0.13 -0.12 -0.14 -0.12 
INFO: cmn.c(133): CMN:  8.99 -0.00  0.09  0.10  0.02 -0.17 -0.28 -0.06 -0.24 -0.15 -0.16 -0.12 -0.09 
INFO: cmn.c(133): CMN:  8.50  0.05  0.03  0.00 -0.00 -0.17 -0.29 -0.01 -0.22 -0.08 -0.14 -0.16 -0.10 
INFO: cmn.c(133): CMN:  8.01  0.19 -0.07  0.24 -0.07 -0.08 -0.17 -0.12 -0.28 -0.10 -0.20 -0.06 -0.13 
INFO: cmn.c(133): CMN:  9.77 -0.12 -0.18  0.05 -0.26 -0.08 -0.33 -0.10 -0.17 -0.15 -0.13 -0.08 -0.16 
INFO: cmn.c(133): CMN: 10.13 -0.10 -0.08  0.33 -0.18 -0.25 -0.34 -0.05 -0.33 -0.11 -0.21 -0.06 -0.15 
INFO: cmn.c(133): CMN:  8.27  0.08 -0.17  0.31 -0.06 -0.14 -0.22 -0.09 -0.29 -0.09 -0.22 -0.06 -0.09 
INFO: cmn.c(133): CMN:  8.34 -0.15 -0.05 -0.18 -0.31  0.10 -0.15 -0.07 -0.16 -0.07 -0.07 -0.05 -0.15 
INFO: cmn.c(133): CMN:  9.68  0.38 -0.19  0.06 -0.16 -0.28 -0.29 -0.01 -0.30 -0.13 -0.13 -0.07 -0.15 
INFO: cmn.c(133): CMN:  9.63 -0.05 -0.02  0.35 -0.14 -0.26 -0.24 -0.00 -0.34 -0.02 -0.28 -0.07 -0.11 
INFO: cmn.c(133): CMN:  8.85  0.16 -0.07  0.13 -0.12 -0.08 -0.25 -0.07 -0.27 -0.12 -0.15 -0.12 -0.12 
INFO: cmn.c(133): CMN:  9.01  0.23 -0.08  0.22 -0.20 -0.20 -0.19 -0.02 -0.31 -0.14 -0.15 -0.12 -0.11 
INFO: cmn.c(133): CMN:  9.80  0.23 -0.11  0.28 -0.19 -0.25 -0.30 -0.03 -0.30 -0.14 -0.20 -0.09 -0.12 
INFO: cmn.c(133): CMN:  9.28  0.09 -0.10 -0.15 -0.20 -0.12 -0.22 -0.10 -0.22 -0.11 -0.03 -0.11 -0.08 
INFO: cmn.c(133): CMN:  9.79  0.24 -0.15 -0.10 -0.19 -0.08 -0.32 -0.12 -0.23 -0.15 -0.11 -0.10 -0.14 
INFO: cmn.c(133): CMN:  9.39  0.17 -0.13  0.06 -0.29 -0.14 -0.26 -0.07 -0.25 -0.21 -0.13 -0.08 -0.11 
INFO: cmn.c(133): CMN:  6.91  0.09 -0.30  0.59 -0.20 -0.04 -0.24 -0.16 -0.06 -0.23 -0.11 -0.10 -0.07 
INFO: cmn.c(133): CMN:  5.95  0.36 -0.24  0.25 -0.19 -0.03 -0.14 -0.22 -0.05 -0.16 -0.15 -0.07 -0.09 
INFO: cmn.c(133): CMN:  5.21  0.49  0.09  0.13 -0.30 -0.12  0.05 -0.10 -0.11 -0.05 -0.15  0.00 -0.12 
INFO: cmn.c(133): CMN:  6.29  0.05 -0.14  0.49 -0.28 -0.05 -0.12 -0.17 -0.06 -0.19 -0.09 -0.06 -0.14 
INFO: cmn.c(133): CMN:  6.32  0.01 -0.16  0.10 -0.17  0.01 -0.27 -0.18 -0.03 -0.10 -0.07 -0.08 -0.10 
INFO: cmn.c(133): CMN:  5.86  0.21  0.01  0.56 -0.38 -0.03 -0.06 -0.14 -0.08 -0.18 -0.03 -0.09 -0.12 
INFO: cmn.c(133): CMN:  6.43 -0.19  0.15  0.90 -0.40 -0.03 -0.06 -0.10 -0.12 -0.17 -0.08 -0.09 -0.20 
INFO: cmn.c(133): CMN:  6.45  0.28 -0.07  0.37 -0.22 -0.20 -0.08 -0.15 -0.10 -0.18 -0.13 -0.07 -0.11 
INFO: cmn.c(133): CMN:  6.21 -0.00 -0.28  0.31 -0.22 -0.10 -0.18 -0.13 -0.05 -0.12 -0.04 -0.04 -0.15 
INFO: cmn.c(133): CMN:  7.04  0.38 -0.38  0.42 -0.28 -0.11 -0.16 -0.18 -0.00 -0.11 -0.14 -0.00 -0.14 
INFO: cmn.c(133): CMN:  7.26  0.47 -0.24  0.14 -0.37 -0.11 -0.16 -0.18 -0.09 -0.15 -0.03 -0.05 -0.13 
INFO: cmn.c(133): CMN:  6.65 -0.21 -0.09  0.41 -0.26  0.06 -0.33 -0.13 -0.06 -0.21 -0.04 -0.12 -0.09 
INFO: cmn.c(133): CMN:  6.30  0.28 -0.21  0.30 -0.20 -0.08 -0.15 -0.16 -0.06 -0.16 -0.12 -0.07 -0.09 
INFO: cmn.c(133): CMN:  6.91 -0.24 -0.06  0.15 -0.22  0.03 -0.12 -0.22 -0.03 -0.12 -0.07 -0.09 -0.09 
INFO: cmn.c(133): CMN:  7.29 -0.41 -0.11  0.20 -0.26  0.05 -0.10 -0.24 -0.06 -0.09 -0.10 -0.05 -0.09 
INFO: cmn.c(133): CMN:  8.17  0.15 -0.07  0.20 -0.19 -0.02 -0.10 -0.29 -0.12 -0.20 -0.14 -0.08 -0.15 
INFO: cmn.c(133): CMN:  7.02 -0.19 -0.14  0.04 -0.24  0.03 -0.07 -0.23 -0.09 -0.09 -0.07 -0.04 -0.08 
INFO: cmn.c(133): CMN:  7.90 -0.13 -0.04  0.55 -0.19 -0.11  0.00 -0.16 -0.15 -0.26 -0.05 -0.13 -0.14 
INFO: cmn.c(133): CMN:  8.27  0.10 -0.21  0.57 -0.20 -0.16 -0.11 -0.30 -0.08 -0.23 -0.11 -0.08 -0.11 
INFO: cmn.c(133): CMN:  8.27 -0.29  0.04  0.59 -0.17 -0.04 -0.03 -0.11 -0.07 -0.17 -0.09 -0.15 -0.14 
INFO: cmn.c(133): CMN:  8.52 -0.09  0.00  0.12 -0.28 -0.00 -0.15 -0.25 -0.06 -0.18 -0.13 -0.10 -0.14 
INFO: cmn.c(133): CMN:  8.19 -0.01 -0.10  0.60 -0.09 -0.14 -0.04 -0.18 -0.11 -0.20 -0.14 -0.11 -0.15 
INFO: cmn.c(133): CMN:  8.24 -0.03 -0.13  0.53 -0.17 -0.12 -0.06 -0.24 -0.10 -0.18 -0.15 -0.09 -0.14 
INFO: cmn.c(133): CMN:  8.33 -0.04 -0.20  0.29 -0.14 -0.12 -0.07 -0.17 -0.08 -0.17 -0.12 -0.09 -0.13 
INFO: cmn.c(133): CMN:  8.22 -0.16 -0.08  0.21 -0.18 -0.06 -0.12 -0.23 -0.07 -0.17 -0.13 -0.08 -0.13 
INFO: cmn.c(133): CMN:  8.32 -0.64 -0.14  0.21 -0.21  0.05 -0.16 -0.21 -0.05 -0.12 -0.10 -0.12 -0.11 
INFO: cmn.c(133): CMN: 10.36  0.05 -0.03 -0.07 -0.25 -0.19 -0.36 -0.07 -0.19 -0.15 -0.05 -0.14 -0.13 
INFO: cmn.c(133): CMN:  8.12  0.06 -0.11 -0.13 -0.08 -0.10 -0.25 -0.10 -0.10 -0.08 -0.01 -0.05 -0.19 
INFO: cmn.c(133): CMN:  9.81  0.17 -0.11 -0.07 -0.14 -0.10 -0.40 -0.11 -0.18 -0.15 -0.06 -0.08 -0.15 
INFO: cmn.c(133): CMN:  9.63 -0.42 -0.07  0.23 -0.10 -0.14 -0.32 -0.04 -0.20 -0.15 -0.12 -0.05 -0.16 
INFO: cmn.c(133): CMN: 11.01 -0.36  0.18  0.23 -0.12 -0.07 -0.44 -0.01 -0.15 -0.27 -0.14 -0.05 -0.22 
INFO: cmn.c(133): CMN: 10.23 -0.51  0.13  0.24 -0.10 -0.05 -0.45 -0.02 -0.22 -0.18 -0.14 -0.04 -0.16 
INFO: cmn.c(133): CMN: 10.31 -0.06  0.00 -0.12 -0.19  0.03 -0.44 -0.08 -0.15 -0.22 -0.07 -0.01 -0.26 
INFO: cmn.c(133): CMN: 10.46 -0.23 -0.06  0.07 -0.06 -0.09 -0.46 -0.10 -0.15 -0.20 -0.19 -0.07 -0.20 
INFO: cmn.c(133): CMN: 10.08 -0.11  0.07  0.04 -0.15  0.01 -0.46 -0.04 -0.15 -0.20 -0.07 -0.02 -0.23 
INFO: cmn.c(133): CMN:  9.54  0.17 -0.19  0.06 -0.12 -0.23 -0.06 -0.16 -0.06 -0.12 -0.18 -0.14 -0.09 
INFO: cmn.c(133): CMN:  9.19 -0.06 -0.01  0.30 -0.20 -0.21 -0.05 -0.24 -0.13 -0.20 -0.11 -0.08 -0.19 
INFO: cmn.c(133): CMN:  7.25 -0.30  0.01  0.10 -0.17 -0.10 -0.12 -0.15 -0.05 -0.17 -0.04 -0.08 -0.06 
INFO: cmn.c(133): CMN:  9.93  0.13 -0.09  0.31 -0.20 -0.31 -0.08 -0.19 -0.14 -0.16 -0.15 -0.12 -0.17 
INFO: cmn.c(133): CMN:  8.53 -0.01 -0.08  0.07 -0.06 -0.16 -0.12 -0.19 -0.11 -0.11 -0.14 -0.11 -0.07 
INFO: cmn.c(133): CMN: 10.11  0.43 -0.16  0.18 -0.19 -0.18 -0.11 -0.30 -0.12 -0.26 -0.11 -0.13 -0.17 
INFO: cmn.c(133): CMN:  9.71 -0.55  0.14  0.47 -0.21 -0.10  0.00 -0.15 -0.20 -0.14 -0.15 -0.15 -0.16 
INFO: cmn.c(133): CMN:  9.05 -0.11 -0.16  0.04 -0.10 -0.09 -0.17 -0.14 -0.12 -0.15 -0.11 -0.11 -0.10 
INFO: cmn.c(133): CMN: 10.55 -0.02 -0.08  0.26 -0.24 -0.22 -0.10 -0.27 -0.15 -0.18 -0.16 -0.10 -0.15 
INFO: cmn.c(133): CMN: 10.85 -0.06 -0.00  0.34 -0.23 -0.27 -0.09 -0.23 -0.17 -0.21 -0.13 -0.13 -0.20 
INFO: cmn.c(133): CMN: 10.14  0.01 -0.19 -0.03 -0.24 -0.17 -0.12 -0.22 -0.07 -0.10 -0.12 -0.12 -0.13 
INFO: cmn.c(133): CMN: 10.09  0.02 -0.17  0.14 -0.15 -0.14 -0.17 -0.19 -0.10 -0.17 -0.16 -0.13 -0.13 
INFO: cmn.c(133): CMN:  9.73 -0.47 -0.10  0.23 -0.09 -0.17 -0.16 -0.11 -0.18 -0.20 -0.13 -0.09 -0.12 
INFO: cmn.c(133): CMN:  8.16  0.30 -0.22  0.40 -0.31  0.01 -0.13 -0.14 -0.11 -0.21 -0.08 -0.14 -0.13 
INFO: cmn.c(133): CMN:  8.85  0.39 -0.31  0.16 -0.37 -0.06 -0.15 -0.15 -0.10 -0.17 -0.04 -0.17 -0.13 
INFO: cmn.c(133): CMN:  9.13  0.09 -0.26  0.42 -0.25 -0.04 -0.27 -0.13 -0.12 -0.15 -0.10 -0.21 -0.12 
INFO: cmn.c(133): CMN:  6.95 -0.06 -0.12 -0.05 -0.26  0.11 -0.06 -0.12 -0.10 -0.08 -0.03 -0.10 -0.10 
INFO: cmn.c(133): CMN:  8.74 -0.05 -0.25  0.26 -0.22  0.07 -0.27 -0.12 -0.11 -0.14 -0.08 -0.18 -0.07 
INFO: cmn.c(133): CMN:  7.88  0.14 -0.23  0.41 -0.30 -0.02 -0.17 -0.09 -0.09 -0.14 -0.07 -0.12 -0.10 
INFO: cmn.c(133): CMN:  9.12  0.18 -0.31  0.41 -0.40 -0.05 -0.09 -0.22 -0.08 -0.23  0.00 -0.14 -0.16 
INFO: cmn.c(133): CMN:  8.91 -0.04 -0.14  0.13 -0.21 -0.05 -0.26 -0.13 -0.13 -0.09 -0.08 -0.16 -0.10 
INFO: cmn.c(133): CMN:  8.45  0.35 -0.13  0.33 -0.44 -0.07 -0.11 -0.12 -0.14 -0.16 -0.02 -0.18 -0.12 
INFO: cmn.c(133): CMN:  8.81  0.56 -0.44  0.31 -0.27 -0.08 -0.15 -0.19 -0.09 -0.19 -0.07 -0.16 -0.11 
INFO: cmn.c(133): CMN:  8.94  0.56 -0.24  0.06 -0.33 -0.23 -0.08 -0.29 -0.11 -0.13 -0.09 -0.13 -0.12 
INFO: cmn.c(133): CMN:  8.89  0.19 -0.24  0.16 -0.36 -0.03 -0.23 -0.13 -0.13 -0.12 -0.03 -0.20 -0.10 
INFO: cmn.c(133): CMN:  8.82  0.02 -0.22  0.22 -0.28 -0.01 -0.25 -0.13 -0.13 -0.15 -0.04 -0.21 -0.11 
INFO: cmn.c(133): CMN: 10.05 -0.08 -0.19  0.23 -0.23 -0.10 -0.19 -0.20 -0.07 -0.11 -0.12 -0.13 -0.14 
INFO: cmn.c(133): CMN:  8.60 -0.23 -0.13  0.12 -0.25 -0.11 -0.19 -0.17 -0.05 -0.11 -0.12 -0.09 -0.13 
INFO: cmn.c(133): CMN: 10.29 -0.13 -0.17  0.41 -0.27 -0.13 -0.19 -0.23 -0.07 -0.19 -0.14 -0.12 -0.13 
INFO: cmn.c(133): CMN:  8.81 -0.29 -0.17  0.11 -0.18 -0.09 -0.19 -0.17 -0.07 -0.07 -0.13 -0.09 -0.07 
INFO: cmn.c(133): CMN:  9.85 -0.04 -0.15  0.44 -0.31 -0.08 -0.16 -0.21 -0.06 -0.21 -0.09 -0.12 -0.17 
INFO: cmn.c(133): CMN:  9.57  0.06 -0.11  0.59 -0.37 -0.04 -0.16 -0.17 -0.10 -0.16 -0.12 -0.10 -0.19 
INFO: cmn.c(133): CMN:  9.23  0.11 -0.29  0.35 -0.38 -0.10 -0.14 -0.16 -0.09 -0.15 -0.11 -0.08 -0.16 
INFO: cmn.c(133): CMN:  8.71  0.48 -0.19  0.11 -0.34 -0.13 -0.22 -0.17 -0.09 -0.13 -0.11 -0.07 -0.11 
INFO: cmn.c(133): CMN:  9.25 -0.05  0.01  0.58 -0.34 -0.06 -0.16 -0.19 -0.05 -0.23 -0.11 -0.08 -0.21 
INFO: cmn.c(133): CMN: 10.00  0.00 -0.13  0.56 -0.38 -0.09 -0.15 -0.22 -0.04 -0.21 -0.13 -0.12 -0.19 
INFO: cmn.c(133): CMN: 10.37  0.25 -0.22  0.42 -0.31 -0.14 -0.19 -0.21 -0.11 -0.21 -0.15 -0.17 -0.17 
INFO: cmn.c(133): CMN: 10.01  0.08 -0.22  0.12 -0.25 -0.09 -0.24 -0.18 -0.11 -0.16 -0.11 -0.15 -0.11 
INFO: cmn.c(133): CMN: 10.21  0.09 -0.25  0.37 -0.35 -0.14 -0.19 -0.15 -0.10 -0.16 -0.11 -0.14 -0.12 
INFO: cmn.c(133): CMN:  9.24 -0.40 -0.02  0.38 -0.09 -0.25 -0.19 -0.13 -0.15 -0.09 -0.13 -0.13 -0.13 
INFO: cmn.c(133): CMN:  9.14 -0.07 -0.07  0.26 -0.07 -0.21 -0.23 -0.15 -0.17 -0.05 -0.18 -0.18 -0.13 
INFO: cmn.c(133): CMN:  8.59 -0.17 -0.01  0.22 -0.13 -0.14 -0.20 -0.15 -0.19 -0.10 -0.11 -0.16 -0.11 
INFO: cmn.c(133): CMN:  8.12 -0.55  0.02  0.13 -0.22 -0.02 -0.14 -0.15 -0.06 -0.09 -0.07 -0.11 -0.07 
INFO: cmn.c(133): CMN:  7.03 -0.18 -0.00  0.33 -0.08 -0.17 -0.14 -0.15 -0.15 -0.08 -0.12 -0.07 -0.11 
INFO: cmn.c(133): CMN:  8.58 -0.11 -0.11  0.25 -0.12 -0.21 -0.17 -0.15 -0.19 -0.02 -0.11 -0.13 -0.10 
INFO: cmn.c(133): CMN:  8.83 -0.26  0.03  0.35 -0.17 -0.26 -0.15 -0.15 -0.21 -0.09 -0.16 -0.08 -0.13 
INFO: cmn.c(133): CMN:  8.13  0.08  0.10  0.32 -0.02 -0.22 -0.01 -0.19 -0.18 -0.17 -0.12 -0.16 -0.15 
INFO: cmn.c(133): CMN:  8.89  0.32  0.16  0.29 -0.22 -0.26  0.02 -0.13 -0.25 -0.13 -0.14 -0.21 -0.10 
INFO: cmn.c(133): CMN:  8.41 -0.20  0.08  0.51 -0.07 -0.23 -0.12 -0.10 -0.22 -0.12 -0.11 -0.13 -0.15 
INFO: cmn.c(133): CMN:  8.62  0.25 -0.04  0.12 -0.14 -0.19 -0.07 -0.17 -0.22 -0.02 -0.16 -0.13 -0.13 
INFO: cmn.c(133): CMN:  8.22  0.31 -0.06  0.15 -0.09 -0.19 -0.12 -0.24 -0.11 -0.25 -0.15 -0.09 -0.11 
INFO: cmn.c(133): CMN:  8.50 -0.06  0.07  0.13 -0.21 -0.15 -0.15 -0.15 -0.19 -0.05 -0.18 -0.10 -0.07 
INFO: cmn.c(133): CMN:  9.33 -0.10 -0.01 -0.13 -0.28  0.02 -0.28 -0.08 -0.23 -0.00 -0.14 -0.13 -0.13 
INFO: cmn.c(133): CMN:  9.20 -0.14  0.13  0.09 -0.34  0.03 -0.21 -0.12 -0.31 -0.02 -0.15 -0.10 -0.14 
INFO: cmn.c(133): CMN:  8.35 -0.22  0.03  0.08 -0.31  0.03 -0.21 -0.09 -0.23 -0.05 -0.13 -0.12 -0.09 
INFO: cmn.c(133): CMN:  7.07 -0.15  0.05 -0.10 -0.28  0.11 -0.12 -0.07 -0.20 -0.00 -0.05 -0.08 -0.17 
INFO: cmn.c(133): CMN:  8.89 -0.23  0.04  0.12 -0.29  0.05 -0.25 -0.14 -0.32  0.01 -0.13 -0.13 -0.09 
INFO: cmn.c(133): CMN:  9.97 -0.13  0.14  0.18 -0.30 -0.16 -0.21 -0.17 -0.40 -0.04 -0.18 -0.11 -0.09 
INFO: cmn.c(133): CMN:  9.17 -0.57  0.12  0.50 -0.19 -0.22 -0.14 -0.13 -0.27 -0.12 -0.15 -0.15 -0.14 
INFO: cmn.c(133): CMN:  8.52  0.12 -0.05 -0.05 -0.27  0.12 -0.23 -0.21 -0.26  0.09 -0.15 -0.18 -0.08 
INFO: cmn.c(133): CMN:  9.32  0.17  0.05 -0.00 -0.27 -0.14 -0.15 -0.09 -0.37 -0.03 -0.18 -0.03 -0.17 
INFO: cmn.c(133): CMN:  9.08  0.05  0.15  0.22 -0.30 -0.08 -0.21 -0.07 -0.40 -0.06 -0.16 -0.09 -0.15 
INFO: cmn.c(133): CMN: 10.01  0.26 -0.05 -0.16 -0.49  0.04 -0.22 -0.09 -0.36  0.13 -0.15 -0.07 -0.21 
INFO: cmn.c(133): CMN:  9.27 -0.12 -0.08 -0.01 -0.27  0.07 -0.23 -0.12 -0.30  0.02 -0.15 -0.13 -0.10 
INFO: cmn.c(133): CMN:  8.83 -0.11 -0.01  0.05 -0.25  0.07 -0.23 -0.17 -0.26  0.01 -0.15 -0.17 -0.05 
INFO: cmn.c(133): CMN:  8.78  0.09 -0.22  0.42 -0.40 -0.07 -0.33 -0.11 -0.12 -0.19 -0.05 -0.17 -0.03 
INFO: cmn.c(133): CMN:  6.45 -0.09 -0.16 -0.03 -0.27  0.11 -0.22 -0.19 -0.00 -0.13 -0.01 -0.10 -0.04 
INFO: cmn.c(133): CMN:  8.37  0.02  0.01  0.46 -0.23 -0.10 -0.17 -0.07 -0.13 -0.19 -0.04 -0.18 -0.10 
INFO: cmn.c(133): CMN:  7.90  0.33 -0.17  0.30 -0.32 -0.08 -0.19 -0.12 -0.10 -0.25 -0.06 -0.11 -0.09 
INFO: cmn.c(133): CMN:  7.72 -0.39 -0.12  0.24 -0.15 -0.08 -0.23 -0.11 -0.09 -0.14 -0.06 -0.09 -0.09 
INFO: cmn.c(133): CMN:  8.93  0.36 -0.37  0.43 -0.28 -0.05 -0.26 -0.26 -0.03 -0.28 -0.06 -0.13 -0.06 
INFO: cmn.c(133): CMN:  9.16  0.27 -0.30  0.56 -0.31 -0.11 -0.27 -0.15 -0.08 -0.29 -0.02 -0.15 -0.11 
INFO: cmn.c(133): CMN:  6.88 -0.09 -0.14  0.27 -0.21 -0.06 -0.15 -0.11 -0.13 -0.13 -0.05 -0.12 -0.06 
INFO: cmn.c(133): CMN:  8.56 -0.24 -0.11  0.70 -0.18 -0.11 -0.16 -0.14 -0.06 -0.23 -0.10 -0.11 -0.12 
INFO: cmn.c(133): CMN:  9.27  0.01 -0.28  0.44 -0.33 -0.15 -0.25 -0.08 -0.13 -0.19 -0.03 -0.15 -0.10 
INFO: cmn.c(133): CMN:  7.81  0.59 -0.19 -0.06 -0.40 -0.07 -0.23 -0.12 -0.04 -0.19  0.01 -0.15 -0.08 
INFO: cmn.c(133): CMN:  8.46 -0.04 -0.31 -0.03 -0.28 -0.02 -0.28 -0.12 -0.02 -0.17 -0.01 -0.15 -0.09 
INFO: cmn.c(133): CMN:  8.10  0.19 -0.18  0.21 -0.27 -0.04 -0.16 -0.14 -0.09 -0.24  0.08 -0.18 -0.10 
INFO: agg_all_seg.c(180): Wrote 246098 frames to /Sphinx/Mounted/an4/bwaccumdir/an4_buff_1/an4.dmp
Fri Oct 27 16:08:43 2017
